ISim log file
Running: /home/luorix/Desktop/Digital-Logic-Design-F2023-jjoon0-patch-2/parking_lot_top_tb_isim_beh.exe -intstyle ise -gui -tclbatch isim.cmd -wdb /home/luorix/Desktop/Digital-Logic-Design-F2023-jjoon0-patch-2/parking_lot_top_tb_isim_beh.wdb 
ISim P.20131013 (signature 0xfbc00daa)
WARNING: A WEBPACK license was found.
WARNING: Please use Xilinx License Configuration Manager to check out a full ISim license.
WARNING: ISim will run in Lite mode. Please refer to the ISim documentation for more information on the differences between the Lite and the Full version.
This is a Lite version of ISim.
WARNING: File "/home/luorix/Desktop/Digital-Logic-Design-F2023-jjoon0-patch-2/parking_lot_top.v" Line 840.  For instance PARKING_LOT_TOP/ORDERS/, width 1 of formal port new_car is not equal to width 16 of actual signal new_car.
WARNING: File "/home/luorix/Desktop/Digital-Logic-Design-F2023-jjoon0-patch-2/parking_lot_top_tb.v" Line 116.  For instance parking_lot_top_tb/PARKING_LOT_TOP/, width 16 of formal port todo_license_plate is not equal to width 1 of actual signal todo_license_plate.
Time resolution is 1 ps
# onerror resume
# wave add /
# run 1000 ns
Simulator is doing circuit initialization process.
in default state
Finished circuit initialization process.

-----------------
clock count :   0 
license_plate  :   x  x  x  x 
in_mode : x 
out_mode : x 
current leakage:  x 
current leakage_floor:  xxx 
current todo_exists  :  x 
current todo_in  :  x 
current todo_out  :  x 
current todo_leak_move  :  x 
current todo_license_plate  :  x 
current target_floor  :  x
current target_place  :  x
floor 7  : x |  x  x  x  x |  x  x  x  x
floor 6  : x |  x  x  x  x |  x  x  x  x
floor 5  : x |  x  x  x  x |  x  x  x  x
floor 4  : x |  x  x  x  x |  x  x  x  x
floor 3  : x |  x  x  x  x |  x  x  x  x
floor 2  : x |  x  x  x  x |  x  x  x  x
floor 1  : x |  x  x  x  x |  x  x  x  x
floor 0  : x
moving  :   x  x  x  x
plate type  :  x 
fee leakage:  xxxxxxxx 
------------------------------------------

Elevator module same state x -> 0
from STATE_RESET : todo_in is 0
Start Simulation!!!


-----------------
clock count :   1 
license_plate  :   x  x  x  x 
in_mode : x 
out_mode : x 
current leakage:  x 
current leakage_floor:  xxx 
current todo_exists  :  0 
current todo_in  :  0 
current todo_out  :  0 
current todo_leak_move  :  0 
current todo_license_plate  :  0 
current target_floor  :  0
current target_place  :  0
floor 7  : 0 |  1  4  2  3 |  0  0  0  0
floor 6  : 0 |  8  4  2  8 |  0  0  0  0
floor 5  : 0 |  9  4  3  9 |  9  4  3  1
floor 4  : 0 |  5  4  2  4 |  5  4  2  6
floor 3  : 0 |  1  4  2  9 |  1  4  2  1
floor 2  : 0 |  9  4  2  0 |  6  4  2  2
floor 1  : 0 |  9  4  2  7 |  6  4  2  5
floor 0  : 1
moving  :   0  0  0  0
plate type  :  0 
fee leakage:  00000000 
------------------------------------------

Elevator module same state 0 -> 0
Error !!!!!!!!!!!!!!
from STATE_RESET : todo_in is 0

-----------------
clock count :   2 
license_plate  :   0  0  0  0 
in_mode : 0 
out_mode : 0 
current leakage:  0 
current leakage_floor:  000 
current todo_exists  :  0 
current todo_in  :  0 
current todo_out  :  0 
current todo_leak_move  :  0 
current todo_license_plate  :  0 
current target_floor  :  0
current target_place  :  1
floor 7  : 0 |  1  4  2  3 |  0  0  0  0
floor 6  : 0 |  8  4  2  8 |  0  0  0  0
floor 5  : 0 |  9  4  3  9 |  9  4  3  1
floor 4  : 0 |  5  4  2  4 |  5  4  2  6
floor 3  : 0 |  1  4  2  9 |  1  4  2  1
floor 2  : 0 |  9  4  2  0 |  6  4  2  2
floor 1  : 0 |  9  4  2  7 |  6  4  2  5
floor 0  : 1
moving  :   0  0  0  0
plate type  :  0 
fee leakage:  00000000 
------------------------------------------

Elevator module same state 0 -> 0
from STATE_RESET : todo_in is 0

-----------------
clock count :   3 
license_plate  :   0  0  0  0 
in_mode : 0 
out_mode : 0 
current leakage:  0 
current leakage_floor:  000 
current todo_exists  :  0 
current todo_in  :  0 
current todo_out  :  0 
current todo_leak_move  :  0 
current todo_license_plate  :  0 
current target_floor  :  0
current target_place  :  1
floor 7  : 0 |  1  4  2  3 |  0  0  0  0
floor 6  : 0 |  8  4  2  8 |  0  0  0  0
floor 5  : 0 |  9  4  3  9 |  9  4  3  1
floor 4  : 0 |  5  4  2  4 |  5  4  2  6
floor 3  : 0 |  1  4  2  9 |  1  4  2  1
floor 2  : 0 |  9  4  2  0 |  6  4  2  2
floor 1  : 0 |  9  4  2  7 |  6  4  2  5
floor 0  : 1
moving  :   0  0  0  0
plate type  :  0 
fee leakage:  00000000 
------------------------------------------

Elevator module same state 0 -> 0
from STATE_RESET : todo_in is 0

-----------------
clock count :   4 
license_plate  :   9  4  2  3 
in_mode : 1 
out_mode : 0 
current leakage:  0 
current leakage_floor:  000 
current todo_exists  :  0 
current todo_in  :  0 
current todo_out  :  0 
current todo_leak_move  :  0 
current todo_license_plate  :  0 
current target_floor  :  0
current target_place  :  1
floor 7  : 0 |  1  4  2  3 |  0  0  0  0
floor 6  : 0 |  8  4  2  8 |  0  0  0  0
floor 5  : 0 |  9  4  3  9 |  9  4  3  1
floor 4  : 0 |  5  4  2  4 |  5  4  2  6
floor 3  : 0 |  1  4  2  9 |  1  4  2  1
floor 2  : 0 |  9  4  2  0 |  6  4  2  2
floor 1  : 0 |  9  4  2  7 |  6  4  2  5
floor 0  : 1
moving  :   0  0  0  0
plate type  :  0 
fee leakage:  00000000 
------------------------------------------

Elevator module same state 0 -> 0
from STATE_RESET : todo_in is 1

-----------------
clock count :   5 
license_plate  :   0  0  0  0 
in_mode : 0 
out_mode : 0 
current leakage:  0 
current leakage_floor:  000 
current todo_exists  :  1 
current todo_in  :  1 
current todo_out  :  0 
current todo_leak_move  :  0 
current todo_license_plate  :  1 
current target_floor  :  0
current target_place  :  1
floor 7  : 0 |  1  4  2  3 |  0  0  0  0
floor 6  : 0 |  8  4  2  8 |  0  0  0  0
floor 5  : 0 |  9  4  3  9 |  9  4  3  1
floor 4  : 0 |  5  4  2  4 |  5  4  2  6
floor 3  : 0 |  1  4  2  9 |  1  4  2  1
floor 2  : 0 |  9  4  2  0 |  6  4  2  2
floor 1  : 0 |  9  4  2  7 |  6  4  2  5
floor 0  : 1
moving  :   0  0  0  0
plate type  :  0 
fee leakage:  00000000 
------------------------------------------

Elevator module state transition 0 -> 1
in STATE_CAR_IN
target_floor = 0
current_floor = 0
moving =  0 0 0 0
in plate_type change

-----------------
clock count :   6 
license_plate  :   0  0  0  0 
in_mode : 0 
out_mode : 0 
current leakage:  0 
current leakage_floor:  000 
current todo_exists  :  1 
current todo_in  :  1 
current todo_out  :  0 
current todo_leak_move  :  0 
current todo_license_plate  :  1 
current target_floor  :  0
current target_place  :  1
floor 7  : 0 |  1  4  2  3 |  0  0  0  0
floor 6  : 0 |  8  4  2  8 |  0  0  0  0
floor 5  : 0 |  9  4  3  9 |  9  4  3  1
floor 4  : 0 |  5  4  2  4 |  5  4  2  6
floor 3  : 0 |  1  4  2  9 |  1  4  2  1
floor 2  : 0 |  9  4  2  0 |  6  4  2  2
floor 1  : 0 |  9  4  2  7 |  6  4  2  5
floor 0  : 1
moving  :   0  0  0  0
plate type  :  1 
fee leakage:  00000000 
------------------------------------------

Elevator module same state 1 -> 1
in STATE_CAR_IN
target_floor = 0
current_floor = 0
moving =  0 0 0 0
in boarding car
 9  4  2  3 is onboard elevator. Current floor : 0


-----------------
clock count :   7 
license_plate  :   0  0  0  0 
in_mode : 0 
out_mode : 0 
current leakage:  0 
current leakage_floor:  000 
current todo_exists  :  1 
current todo_in  :  1 
current todo_out  :  0 
current todo_leak_move  :  0 
current todo_license_plate  :  1 
current target_floor  :  0
current target_place  :  1
floor 7  : 0 |  1  4  2  3 |  0  0  0  0
floor 6  : 0 |  8  4  2  8 |  0  0  0  0
floor 5  : 0 |  9  4  3  9 |  9  4  3  1
floor 4  : 0 |  5  4  2  4 |  5  4  2  6
floor 3  : 0 |  1  4  2  9 |  1  4  2  1
floor 2  : 0 |  9  4  2  0 |  6  4  2  2
floor 1  : 0 |  9  4  2  7 |  6  4  2  5
floor 0  : 1
moving  :   9  4  2  3
plate type  :  1 
fee leakage:  00000000 
------------------------------------------

Elevator module same state 1 -> 1
in STATE_CAR_IN
target_floor = 7
current_floor = 1
moving =  9 4 2 3

-----------------
clock count :   8 
license_plate  :   0  0  0  0 
in_mode : 0 
out_mode : 0 
current leakage:  0 
current leakage_floor:  000 
current todo_exists  :  1 
current todo_in  :  1 
current todo_out  :  0 
current todo_leak_move  :  0 
current todo_license_plate  :  1 
current target_floor  :  7
current target_place  :  1
floor 7  : 0 |  1  4  2  3 |  0  0  0  0
floor 6  : 0 |  8  4  2  8 |  0  0  0  0
floor 5  : 0 |  9  4  3  9 |  9  4  3  1
floor 4  : 0 |  5  4  2  4 |  5  4  2  6
floor 3  : 0 |  1  4  2  9 |  1  4  2  1
floor 2  : 0 |  9  4  2  0 |  6  4  2  2
floor 1  : 1 |  9  4  2  7 |  6  4  2  5
floor 0  : 0
moving  :   9  4  2  3
plate type  :  1 
fee leakage:  00000000 
------------------------------------------

Elevator module same state 1 -> 1
in STATE_CAR_IN
target_floor = 7
current_floor = 2
moving =  9 4 2 3

-----------------
clock count :   9 
license_plate  :   0  0  0  0 
in_mode : 0 
out_mode : 0 
current leakage:  0 
current leakage_floor:  000 
current todo_exists  :  1 
current todo_in  :  1 
current todo_out  :  0 
current todo_leak_move  :  0 
current todo_license_plate  :  1 
current target_floor  :  7
current target_place  :  1
floor 7  : 0 |  1  4  2  3 |  0  0  0  0
floor 6  : 0 |  8  4  2  8 |  0  0  0  0
floor 5  : 0 |  9  4  3  9 |  9  4  3  1
floor 4  : 0 |  5  4  2  4 |  5  4  2  6
floor 3  : 0 |  1  4  2  9 |  1  4  2  1
floor 2  : 1 |  9  4  2  0 |  6  4  2  2
floor 1  : 0 |  9  4  2  7 |  6  4  2  5
floor 0  : 0
moving  :   9  4  2  3
plate type  :  1 
fee leakage:  00000000 
------------------------------------------

Elevator module same state 1 -> 1
in STATE_CAR_IN
target_floor = 7
current_floor = 3
moving =  9 4 2 3

-----------------
clock count :  10 
license_plate  :   8  7  5  4 
in_mode : 1 
out_mode : 0 
current leakage:  0 
current leakage_floor:  000 
current todo_exists  :  1 
current todo_in  :  1 
current todo_out  :  0 
current todo_leak_move  :  0 
current todo_license_plate  :  1 
current target_floor  :  7
current target_place  :  1
floor 7  : 0 |  1  4  2  3 |  0  0  0  0
floor 6  : 0 |  8  4  2  8 |  0  0  0  0
floor 5  : 0 |  9  4  3  9 |  9  4  3  1
floor 4  : 0 |  5  4  2  4 |  5  4  2  6
floor 3  : 1 |  1  4  2  9 |  1  4  2  1
floor 2  : 0 |  9  4  2  0 |  6  4  2  2
floor 1  : 0 |  9  4  2  7 |  6  4  2  5
floor 0  : 0
moving  :   9  4  2  3
plate type  :  1 
fee leakage:  00000000 
------------------------------------------

Elevator module same state 1 -> 1
in STATE_CAR_IN
target_floor = 7
current_floor = 4
moving =  9 4 2 3

-----------------
clock count :  11 
license_plate  :   0  0  0  0 
in_mode : 0 
out_mode : 0 
current leakage:  0 
current leakage_floor:  010 
current todo_exists  :  1 
current todo_in  :  1 
current todo_out  :  0 
current todo_leak_move  :  0 
current todo_license_plate  :  1 
current target_floor  :  7
current target_place  :  1
floor 7  : 0 |  1  4  2  3 |  0  0  0  0
floor 6  : 0 |  8  4  2  8 |  0  0  0  0
floor 5  : 0 |  9  4  3  9 |  9  4  3  1
floor 4  : 1 |  5  4  2  4 |  5  4  2  6
floor 3  : 0 |  1  4  2  9 |  1  4  2  1
floor 2  : 0 |  9  4  2  0 |  6  4  2  2
floor 1  : 0 |  9  4  2  7 |  6  4  2  5
floor 0  : 0
moving  :   9  4  2  3
plate type  :  1 
fee leakage:  00000000 
------------------------------------------

Elevator module same state 1 -> 1
in STATE_CAR_IN
target_floor = 7
current_floor = 5
moving =  9 4 2 3

-----------------
clock count :  12 
license_plate  :   0  0  0  0 
in_mode : 0 
out_mode : 0 
current leakage:  0 
current leakage_floor:  010 
current todo_exists  :  1 
current todo_in  :  1 
current todo_out  :  0 
current todo_leak_move  :  0 
current todo_license_plate  :  1 
current target_floor  :  7
current target_place  :  1
floor 7  : 0 |  1  4  2  3 |  0  0  0  0
floor 6  : 0 |  8  4  2  8 |  0  0  0  0
floor 5  : 1 |  9  4  3  9 |  9  4  3  1
floor 4  : 0 |  5  4  2  4 |  5  4  2  6
floor 3  : 0 |  1  4  2  9 |  1  4  2  1
floor 2  : 0 |  9  4  2  0 |  6  4  2  2
floor 1  : 0 |  9  4  2  7 |  6  4  2  5
floor 0  : 0
moving  :   9  4  2  3
plate type  :  1 
fee leakage:  00000000 
------------------------------------------

Elevator module same state 1 -> 1
in STATE_CAR_IN
target_floor = 7
current_floor = 6
moving =  9 4 2 3

-----------------
clock count :  13 
license_plate  :   0  0  0  0 
in_mode : 0 
out_mode : 0 
current leakage:  0 
current leakage_floor:  010 
current todo_exists  :  1 
current todo_in  :  1 
current todo_out  :  0 
current todo_leak_move  :  0 
current todo_license_plate  :  1 
current target_floor  :  7
current target_place  :  1
floor 7  : 0 |  1  4  2  3 |  0  0  0  0
floor 6  : 1 |  8  4  2  8 |  0  0  0  0
floor 5  : 0 |  9  4  3  9 |  9  4  3  1
floor 4  : 0 |  5  4  2  4 |  5  4  2  6
floor 3  : 0 |  1  4  2  9 |  1  4  2  1
floor 2  : 0 |  9  4  2  0 |  6  4  2  2
floor 1  : 0 |  9  4  2  7 |  6  4  2  5
floor 0  : 0
moving  :   9  4  2  3
plate type  :  1 
fee leakage:  00000000 
------------------------------------------

Elevator module same state 1 -> 1
in STATE_CAR_IN
target_floor = 7
current_floor = 7
moving =  9 4 2 3
park_change = 1, new_car =  9 d  4  2, moving =  3    0
 9  4  2  3 is getting out of elevator. Current floor : 7

Leakage at floor 2!


-----------------
clock count :  14 
license_plate  :   8  7  5  4 
in_mode : 0 
out_mode : 1 
current leakage:  1 
current leakage_floor:  010 
current todo_exists  :  1 
current todo_in  :  1 
current todo_out  :  0 
current todo_leak_move  :  0 
current todo_license_plate  :  1 
current target_floor  :  7
current target_place  :  1
floor 7  : 1 |  1  4  2  3 |  0  0  0  0
floor 6  : 0 |  8  4  2  8 |  0  0  0  0
floor 5  : 0 |  9  4  3  9 |  9  4  3  1
floor 4  : 0 |  5  4  2  4 |  5  4  2  6
floor 3  : 0 |  1  4  2  9 |  1  4  2  1
floor 2  : 0 |  9  4  2  0 |  6  4  2  2
floor 1  : 0 |  9  4  2  7 |  6  4  2  5
floor 0  : 0
moving  :   0  0  0  0
plate type  :  1 
fee leakage:  00000000 
------------------------------------------

Elevator module same state 1 -> 1
in STATE_CAR_IN
target_floor = 0
current_floor = 7
moving =  0 0 0 0

-----------------
clock count :  15 
license_plate  :   0  0  0  0 
in_mode : 0 
out_mode : 0 
current leakage:  0 
current leakage_floor:  010 
current todo_exists  :  0 
current todo_in  :  0 
current todo_out  :  0 
current todo_leak_move  :  0 
current todo_license_plate  :  0 
current target_floor  :  0
current target_place  :  1
floor 7  : 1 |  1  4  2  3 |  9  4  2  3
floor 6  : 0 |  8  4  2  8 |  0  0  0  0
floor 5  : 0 |  9  4  3  9 |  9  4  3  1
floor 4  : 0 |  5  4  2  4 |  5  4  2  6
floor 3  : 0 |  1  4  2  9 |  1  4  2  1
floor 2  : 0 |  9  4  2  0 |  6  4  2  2
floor 1  : 0 |  9  4  2  7 |  6  4  2  5
floor 0  : 0
moving  :   0  0  0  0
plate type  :  1 
fee leakage:  00000000 
------------------------------------------

Elevator module state transition 1 -> 3
in STATE_NO_ORDER

-----------------
clock count :  16 
license_plate  :   0  0  0  0 
in_mode : 0 
out_mode : 0 
current leakage:  0 
current leakage_floor:  010 
current todo_exists  :  1 
current todo_in  :  1 
current todo_out  :  0 
current todo_leak_move  :  0 
current todo_license_plate  :  0 
current target_floor  :  0
current target_place  :  1
floor 7  : 0 |  1  4  2  3 |  9  4  2  3
floor 6  : 1 |  8  4  2  8 |  0  0  0  0
floor 5  : 0 |  9  4  3  9 |  9  4  3  1
floor 4  : 0 |  5  4  2  4 |  5  4  2  6
floor 3  : 0 |  1  4  2  9 |  1  4  2  1
floor 2  : 0 |  9  4  2  0 |  6  4  2  2
floor 1  : 0 |  9  4  2  7 |  6  4  2  5
floor 0  : 0
moving  :   0  0  0  0
plate type  :  1 
fee leakage:  00000000 
------------------------------------------

Elevator module same state 3 -> 3
in STATE_NO_ORDER

-----------------
clock count :  17 
license_plate  :   0  0  0  0 
in_mode : 0 
out_mode : 0 
current leakage:  0 
current leakage_floor:  010 
current todo_exists  :  1 
current todo_in  :  1 
current todo_out  :  0 
current todo_leak_move  :  0 
current todo_license_plate  :  0 
current target_floor  :  0
current target_place  :  1
floor 7  : 0 |  1  4  2  3 |  9  4  2  3
floor 6  : 0 |  8  4  2  8 |  0  0  0  0
floor 5  : 1 |  9  4  3  9 |  9  4  3  1
floor 4  : 0 |  5  4  2  4 |  5  4  2  6
floor 3  : 0 |  1  4  2  9 |  1  4  2  1
floor 2  : 0 |  9  4  2  0 |  6  4  2  2
floor 1  : 0 |  9  4  2  7 |  6  4  2  5
floor 0  : 0
moving  :   0  0  0  0
plate type  :  1 
fee leakage:  00000000 
------------------------------------------

Elevator module same state 3 -> 3
in STATE_NO_ORDER

-----------------
clock count :  18 
license_plate  :   0  0  0  0 
in_mode : 0 
out_mode : 0 
current leakage:  0 
current leakage_floor:  010 
current todo_exists  :  1 
current todo_in  :  1 
current todo_out  :  0 
current todo_leak_move  :  0 
current todo_license_plate  :  0 
current target_floor  :  0
current target_place  :  1
floor 7  : 0 |  1  4  2  3 |  9  4  2  3
floor 6  : 0 |  8  4  2  8 |  0  0  0  0
floor 5  : 0 |  9  4  3  9 |  9  4  3  1
floor 4  : 1 |  5  4  2  4 |  5  4  2  6
floor 3  : 0 |  1  4  2  9 |  1  4  2  1
floor 2  : 0 |  9  4  2  0 |  6  4  2  2
floor 1  : 0 |  9  4  2  7 |  6  4  2  5
floor 0  : 0
moving  :   0  0  0  0
plate type  :  1 
fee leakage:  00000000 
------------------------------------------

Elevator module same state 3 -> 3
in STATE_NO_ORDER

-----------------
clock count :  19 
license_plate  :   0  0  0  0 
in_mode : 0 
out_mode : 0 
current leakage:  0 
current leakage_floor:  010 
current todo_exists  :  1 
current todo_in  :  1 
current todo_out  :  0 
current todo_leak_move  :  0 
current todo_license_plate  :  0 
current target_floor  :  0
current target_place  :  1
floor 7  : 0 |  1  4  2  3 |  9  4  2  3
floor 6  : 0 |  8  4  2  8 |  0  0  0  0
floor 5  : 0 |  9  4  3  9 |  9  4  3  1
floor 4  : 0 |  5  4  2  4 |  5  4  2  6
floor 3  : 1 |  1  4  2  9 |  1  4  2  1
floor 2  : 0 |  9  4  2  0 |  6  4  2  2
floor 1  : 0 |  9  4  2  7 |  6  4  2  5
floor 0  : 0
moving  :   0  0  0  0
plate type  :  1 
fee leakage:  00000000 
------------------------------------------

Elevator module same state 3 -> 3
in STATE_NO_ORDER

-----------------
clock count :  20 
license_plate  :   0  0  0  0 
in_mode : 0 
out_mode : 0 
current leakage:  0 
current leakage_floor:  010 
current todo_exists  :  1 
current todo_in  :  1 
current todo_out  :  0 
current todo_leak_move  :  0 
current todo_license_plate  :  0 
current target_floor  :  0
current target_place  :  1
floor 7  : 0 |  1  4  2  3 |  9  4  2  3
floor 6  : 0 |  8  4  2  8 |  0  0  0  0
floor 5  : 0 |  9  4  3  9 |  9  4  3  1
floor 4  : 0 |  5  4  2  4 |  5  4  2  6
floor 3  : 0 |  1  4  2  9 |  1  4  2  1
floor 2  : 1 |  9  4  2  0 |  6  4  2  2
floor 1  : 0 |  9  4  2  7 |  6  4  2  5
floor 0  : 0
moving  :   0  0  0  0
plate type  :  1 
fee leakage:  00000000 
------------------------------------------

Elevator module same state 3 -> 3
in STATE_NO_ORDER

-----------------
clock count :  21 
license_plate  :   0  0  0  0 
in_mode : 0 
out_mode : 0 
current leakage:  0 
current leakage_floor:  010 
current todo_exists  :  1 
current todo_in  :  1 
current todo_out  :  0 
current todo_leak_move  :  0 
current todo_license_plate  :  0 
current target_floor  :  0
current target_place  :  1
floor 7  : 0 |  1  4  2  3 |  9  4  2  3
floor 6  : 0 |  8  4  2  8 |  0  0  0  0
floor 5  : 0 |  9  4  3  9 |  9  4  3  1
floor 4  : 0 |  5  4  2  4 |  5  4  2  6
floor 3  : 0 |  1  4  2  9 |  1  4  2  1
floor 2  : 0 |  9  4  2  0 |  6  4  2  2
floor 1  : 1 |  9  4  2  7 |  6  4  2  5
floor 0  : 0
moving  :   0  0  0  0
plate type  :  1 
fee leakage:  00000000 
------------------------------------------

Elevator module same state 3 -> 3
in STATE_NO_ORDER

-----------------
clock count :  22 
license_plate  :   5  7  5  5 
in_mode : 1 
out_mode : 0 
current leakage:  0 
current leakage_floor:  000 
current todo_exists  :  1 
current todo_in  :  1 
current todo_out  :  0 
current todo_leak_move  :  0 
current todo_license_plate  :  0 
current target_floor  :  0
current target_place  :  1
floor 7  : 0 |  1  4  2  3 |  9  4  2  3
floor 6  : 0 |  8  4  2  8 |  0  0  0  0
floor 5  : 0 |  9  4  3  9 |  9  4  3  1
floor 4  : 0 |  5  4  2  4 |  5  4  2  6
floor 3  : 0 |  1  4  2  9 |  1  4  2  1
floor 2  : 0 |  9  4  2  0 |  6  4  2  2
floor 1  : 0 |  9  4  2  7 |  6  4  2  5
floor 0  : 1
moving  :   0  0  0  0
plate type  :  1 
fee leakage:  00000000 
------------------------------------------

Elevator module state transition 3 -> 1
in STATE_CAR_IN
target_floor = 0
current_floor = 0
moving =  0 0 0 0
in plate_type change

-----------------
clock count :  23 
license_plate  :   0  0  0  0 
in_mode : 0 
out_mode : 0 
current leakage:  0 
current leakage_floor:  000 
current todo_exists  :  1 
current todo_in  :  1 
current todo_out  :  0 
current todo_leak_move  :  0 
current todo_license_plate  :  0 
current target_floor  :  0
current target_place  :  1
floor 7  : 0 |  1  4  2  3 |  9  4  2  3
floor 6  : 0 |  8  4  2  8 |  0  0  0  0
floor 5  : 0 |  9  4  3  9 |  9  4  3  1
floor 4  : 0 |  5  4  2  4 |  5  4  2  6
floor 3  : 0 |  1  4  2  9 |  1  4  2  1
floor 2  : 0 |  9  4  2  0 |  6  4  2  2
floor 1  : 0 |  9  4  2  7 |  6  4  2  5
floor 0  : 1
moving  :   0  0  0  0
plate type  :  0 
fee leakage:  00000000 
------------------------------------------

Elevator module same state 1 -> 1
in STATE_CAR_IN
target_floor = 0
current_floor = 0
moving =  0 0 0 0
in boarding car
 8  7  5  4 is onboard elevator. Current floor : 0


-----------------
clock count :  24 
license_plate  :   5  7  5  0 
in_mode : 1 
out_mode : 0 
current leakage:  0 
current leakage_floor:  000 
current todo_exists  :  1 
current todo_in  :  1 
current todo_out  :  0 
current todo_leak_move  :  0 
current todo_license_plate  :  0 
current target_floor  :  0
current target_place  :  1
floor 7  : 0 |  1  4  2  3 |  9  4  2  3
floor 6  : 0 |  8  4  2  8 |  0  0  0  0
floor 5  : 0 |  9  4  3  9 |  9  4  3  1
floor 4  : 0 |  5  4  2  4 |  5  4  2  6
floor 3  : 0 |  1  4  2  9 |  1  4  2  1
floor 2  : 0 |  9  4  2  0 |  6  4  2  2
floor 1  : 0 |  9  4  2  7 |  6  4  2  5
floor 0  : 1
moving  :   8  7  5  4
plate type  :  0 
fee leakage:  00000000 
------------------------------------------

Elevator module same state 1 -> 1
in STATE_CAR_IN
target_floor = 6
current_floor = 1
moving =  8 7 5 4

-----------------
clock count :  25 
license_plate  :   0  0  0  0 
in_mode : 0 
out_mode : 0 
current leakage:  0 
current leakage_floor:  000 
current todo_exists  :  1 
current todo_in  :  1 
current todo_out  :  0 
current todo_leak_move  :  0 
current todo_license_plate  :  0 
current target_floor  :  6
current target_place  :  1
floor 7  : 0 |  1  4  2  3 |  9  4  2  3
floor 6  : 0 |  8  4  2  8 |  0  0  0  0
floor 5  : 0 |  9  4  3  9 |  9  4  3  1
floor 4  : 0 |  5  4  2  4 |  5  4  2  6
floor 3  : 0 |  1  4  2  9 |  1  4  2  1
floor 2  : 0 |  9  4  2  0 |  6  4  2  2
floor 1  : 1 |  9  4  2  7 |  6  4  2  5
floor 0  : 0
moving  :   8  7  5  4
plate type  :  0 
fee leakage:  00000000 
------------------------------------------

Elevator module same state 1 -> 1
in STATE_CAR_IN
target_floor = 6
current_floor = 2
moving =  8 7 5 4

-----------------
clock count :  26 
license_plate  :   5  7  3  0 
in_mode : 1 
out_mode : 0 
current leakage:  0 
current leakage_floor:  000 
current todo_exists  :  1 
current todo_in  :  1 
current todo_out  :  0 
current todo_leak_move  :  0 
current todo_license_plate  :  0 
current target_floor  :  6
current target_place  :  1
floor 7  : 0 |  1  4  2  3 |  9  4  2  3
floor 6  : 0 |  8  4  2  8 |  0  0  0  0
floor 5  : 0 |  9  4  3  9 |  9  4  3  1
floor 4  : 0 |  5  4  2  4 |  5  4  2  6
floor 3  : 0 |  1  4  2  9 |  1  4  2  1
floor 2  : 1 |  9  4  2  0 |  6  4  2  2
floor 1  : 0 |  9  4  2  7 |  6  4  2  5
floor 0  : 0
moving  :   8  7  5  4
plate type  :  0 
fee leakage:  00000000 
------------------------------------------

Elevator module same state 1 -> 1
in STATE_CAR_IN
target_floor = 6
current_floor = 3
moving =  8 7 5 4

-----------------
clock count :  27 
license_plate  :   0  0  0  0 
in_mode : 0 
out_mode : 0 
current leakage:  0 
current leakage_floor:  000 
current todo_exists  :  1 
current todo_in  :  1 
current todo_out  :  0 
current todo_leak_move  :  0 
current todo_license_plate  :  0 
current target_floor  :  6
current target_place  :  1
floor 7  : 0 |  1  4  2  3 |  9  4  2  3
floor 6  : 0 |  8  4  2  8 |  0  0  0  0
floor 5  : 0 |  9  4  3  9 |  9  4  3  1
floor 4  : 0 |  5  4  2  4 |  5  4  2  6
floor 3  : 1 |  1  4  2  9 |  1  4  2  1
floor 2  : 0 |  9  4  2  0 |  6  4  2  2
floor 1  : 0 |  9  4  2  7 |  6  4  2  5
floor 0  : 0
moving  :   8  7  5  4
plate type  :  0 
fee leakage:  00000000 
------------------------------------------

Elevator module same state 1 -> 1
in STATE_CAR_IN
target_floor = 6
current_floor = 4
moving =  8 7 5 4

-----------------
clock count :  28 
license_plate  :   0  0  0  0 
in_mode : 0 
out_mode : 0 
current leakage:  0 
current leakage_floor:  000 
current todo_exists  :  1 
current todo_in  :  1 
current todo_out  :  0 
current todo_leak_move  :  0 
current todo_license_plate  :  0 
current target_floor  :  6
current target_place  :  1
floor 7  : 0 |  1  4  2  3 |  9  4  2  3
floor 6  : 0 |  8  4  2  8 |  0  0  0  0
floor 5  : 0 |  9  4  3  9 |  9  4  3  1
floor 4  : 1 |  5  4  2  4 |  5  4  2  6
floor 3  : 0 |  1  4  2  9 |  1  4  2  1
floor 2  : 0 |  9  4  2  0 |  6  4  2  2
floor 1  : 0 |  9  4  2  7 |  6  4  2  5
floor 0  : 0
moving  :   8  7  5  4
plate type  :  0 
fee leakage:  00000000 
------------------------------------------

Elevator module same state 1 -> 1
in STATE_CAR_IN
target_floor = 6
current_floor = 5
moving =  8 7 5 4

-----------------
clock count :  29 
license_plate  :   0  0  0  0 
in_mode : 0 
out_mode : 0 
current leakage:  0 
current leakage_floor:  000 
current todo_exists  :  1 
current todo_in  :  1 
current todo_out  :  0 
current todo_leak_move  :  0 
current todo_license_plate  :  0 
current target_floor  :  6
current target_place  :  1
floor 7  : 0 |  1  4  2  3 |  9  4  2  3
floor 6  : 0 |  8  4  2  8 |  0  0  0  0
floor 5  : 1 |  9  4  3  9 |  9  4  3  1
floor 4  : 0 |  5  4  2  4 |  5  4  2  6
floor 3  : 0 |  1  4  2  9 |  1  4  2  1
floor 2  : 0 |  9  4  2  0 |  6  4  2  2
floor 1  : 0 |  9  4  2  7 |  6  4  2  5
floor 0  : 0
moving  :   8  7  5  4
plate type  :  0 
fee leakage:  00000000 
------------------------------------------

Elevator module same state 1 -> 1
in STATE_CAR_IN
target_floor = 6
current_floor = 6
moving =  8 7 5 4
park_change = 1, new_car =  8 d  7  5, moving =  4    0
 8  7  5  4 is getting out of elevator. Current floor : 6


-----------------
clock count :  30 
license_plate  :   0  0  0  0 
in_mode : 0 
out_mode : 0 
current leakage:  0 
current leakage_floor:  000 
current todo_exists  :  1 
current todo_in  :  1 
current todo_out  :  0 
current todo_leak_move  :  0 
current todo_license_plate  :  0 
current target_floor  :  6
current target_place  :  1
floor 7  : 0 |  1  4  2  3 |  9  4  2  3
floor 6  : 1 |  8  4  2  8 |  0  0  0  0
floor 5  : 0 |  9  4  3  9 |  9  4  3  1
floor 4  : 0 |  5  4  2  4 |  5  4  2  6
floor 3  : 0 |  1  4  2  9 |  1  4  2  1
floor 2  : 0 |  9  4  2  0 |  6  4  2  2
floor 1  : 0 |  9  4  2  7 |  6  4  2  5
floor 0  : 0
moving  :   0  0  0  0
plate type  :  0 
fee leakage:  00000000 
------------------------------------------

Elevator module same state 1 -> 1
in STATE_CAR_IN
target_floor = 0
current_floor = 6
moving =  0 0 0 0

-----------------
clock count :  31 
license_plate  :   0  0  0  0 
in_mode : 0 
out_mode : 0 
current leakage:  0 
current leakage_floor:  000 
current todo_exists  :  0 
current todo_in  :  0 
current todo_out  :  0 
current todo_leak_move  :  0 
current todo_license_plate  :  0 
current target_floor  :  0
current target_place  :  1
floor 7  : 0 |  1  4  2  3 |  9  4  2  3
floor 6  : 1 |  8  4  2  8 |  8  7  5  4
floor 5  : 0 |  9  4  3  9 |  9  4  3  1
floor 4  : 0 |  5  4  2  4 |  5  4  2  6
floor 3  : 0 |  1  4  2  9 |  1  4  2  1
floor 2  : 0 |  9  4  2  0 |  6  4  2  2
floor 1  : 0 |  9  4  2  7 |  6  4  2  5
floor 0  : 0
moving  :   0  0  0  0
plate type  :  0 
fee leakage:  00000000 
------------------------------------------

Elevator module state transition 1 -> 3
in STATE_NO_ORDER

-----------------
clock count :  32 
license_plate  :   0  0  0  0 
in_mode : 0 
out_mode : 0 
current leakage:  0 
current leakage_floor:  000 
current todo_exists  :  1 
current todo_in  :  0 
current todo_out  :  1 
current todo_leak_move  :  0 
current todo_license_plate  :  0 
current target_floor  :  0
current target_place  :  0
floor 7  : 0 |  1  4  2  3 |  9  4  2  3
floor 6  : 0 |  8  4  2  8 |  8  7  5  4
floor 5  : 1 |  9  4  3  9 |  9  4  3  1
floor 4  : 0 |  5  4  2  4 |  5  4  2  6
floor 3  : 0 |  1  4  2  9 |  1  4  2  1
floor 2  : 0 |  9  4  2  0 |  6  4  2  2
floor 1  : 0 |  9  4  2  7 |  6  4  2  5
floor 0  : 0
moving  :   0  0  0  0
plate type  :  0 
fee leakage:  00000000 
------------------------------------------

Elevator module same state 3 -> 3
in STATE_NO_ORDER

-----------------
clock count :  33 
license_plate  :   0  0  0  0 
in_mode : 0 
out_mode : 0 
current leakage:  0 
current leakage_floor:  000 
current todo_exists  :  1 
current todo_in  :  0 
current todo_out  :  1 
current todo_leak_move  :  0 
current todo_license_plate  :  0 
current target_floor  :  6
current target_place  :  1
floor 7  : 0 |  1  4  2  3 |  9  4  2  3
floor 6  : 0 |  8  4  2  8 |  8  7  5  4
floor 5  : 0 |  9  4  3  9 |  9  4  3  1
floor 4  : 1 |  5  4  2  4 |  5  4  2  6
floor 3  : 0 |  1  4  2  9 |  1  4  2  1
floor 2  : 0 |  9  4  2  0 |  6  4  2  2
floor 1  : 0 |  9  4  2  7 |  6  4  2  5
floor 0  : 0
moving  :   0  0  0  0
plate type  :  0 
fee leakage:  00000000 
------------------------------------------

Elevator module same state 3 -> 3
in STATE_NO_ORDER

-----------------
clock count :  34 
license_plate  :   0  0  0  0 
in_mode : 0 
out_mode : 0 
current leakage:  0 
current leakage_floor:  000 
current todo_exists  :  1 
current todo_in  :  0 
current todo_out  :  1 
current todo_leak_move  :  0 
current todo_license_plate  :  0 
current target_floor  :  6
current target_place  :  1
floor 7  : 0 |  1  4  2  3 |  9  4  2  3
floor 6  : 0 |  8  4  2  8 |  8  7  5  4
floor 5  : 1 |  9  4  3  9 |  9  4  3  1
floor 4  : 0 |  5  4  2  4 |  5  4  2  6
floor 3  : 0 |  1  4  2  9 |  1  4  2  1
floor 2  : 0 |  9  4  2  0 |  6  4  2  2
floor 1  : 0 |  9  4  2  7 |  6  4  2  5
floor 0  : 0
moving  :   0  0  0  0
plate type  :  0 
fee leakage:  00000000 
------------------------------------------

Elevator module same state 3 -> 3
in STATE_NO_ORDER

-----------------
clock count :  35 
license_plate  :   0  0  0  0 
in_mode : 0 
out_mode : 0 
current leakage:  0 
current leakage_floor:  000 
current todo_exists  :  1 
current todo_in  :  0 
current todo_out  :  1 
current todo_leak_move  :  0 
current todo_license_plate  :  0 
current target_floor  :  6
current target_place  :  1
floor 7  : 0 |  1  4  2  3 |  9  4  2  3
floor 6  : 1 |  8  4  2  8 |  8  7  5  4
floor 5  : 0 |  9  4  3  9 |  9  4  3  1
floor 4  : 0 |  5  4  2  4 |  5  4  2  6
floor 3  : 0 |  1  4  2  9 |  1  4  2  1
floor 2  : 0 |  9  4  2  0 |  6  4  2  2
floor 1  : 0 |  9  4  2  7 |  6  4  2  5
floor 0  : 0
moving  :   0  0  0  0
plate type  :  0 
fee leakage:  00000000 
------------------------------------------

Elevator module state transition 3 -> 2
in STATE_CAR_OUT
remove car at this stage!
 8  7  5  4 is onboard elevator. Current floor : 6


-----------------
clock count :  36 
license_plate  :   0  0  0  0 
in_mode : 0 
out_mode : 0 
current leakage:  0 
current leakage_floor:  000 
current todo_exists  :  1 
current todo_in  :  0 
current todo_out  :  1 
current todo_leak_move  :  0 
current todo_license_plate  :  0 
current target_floor  :  6
current target_place  :  1
floor 7  : 0 |  1  4  2  3 |  9  4  2  3
floor 6  : 1 |  8  4  2  8 |  8  7  5  4
floor 5  : 0 |  9  4  3  9 |  9  4  3  1
floor 4  : 0 |  5  4  2  4 |  5  4  2  6
floor 3  : 0 |  1  4  2  9 |  1  4  2  1
floor 2  : 0 |  9  4  2  0 |  6  4  2  2
floor 1  : 0 |  9  4  2  7 |  6  4  2  5
floor 0  : 0
moving  :   8  7  5  4
plate type  :  0 
fee leakage:  00000000 
------------------------------------------

Elevator module same state 2 -> 2
in STATE_CAR_OUT

-----------------
clock count :  37 
license_plate  :   0  0  0  0 
in_mode : 0 
out_mode : 0 
current leakage:  0 
current leakage_floor:  000 
current todo_exists  :  0 
current todo_in  :  0 
current todo_out  :  0 
current todo_leak_move  :  0 
current todo_license_plate  :  0 
current target_floor  :  0
current target_place  :  1
floor 7  : 0 |  1  4  2  3 |  9  4  2  3
floor 6  : 1 |  8  4  2  8 |  0  0  0  0
floor 5  : 0 |  9  4  3  9 |  9  4  3  1
floor 4  : 0 |  5  4  2  4 |  5  4  2  6
floor 3  : 0 |  1  4  2  9 |  1  4  2  1
floor 2  : 0 |  9  4  2  0 |  6  4  2  2
floor 1  : 0 |  9  4  2  7 |  6  4  2  5
floor 0  : 0
moving  :   8  7  5  4
plate type  :  0 
fee leakage:  00000000 
------------------------------------------

Elevator module same state 2 -> 2
in STATE_CAR_OUT

-----------------
clock count :  38 
license_plate  :   0  0  0  0 
in_mode : 0 
out_mode : 0 
current leakage:  0 
current leakage_floor:  000 
current todo_exists  :  1 
current todo_in  :  1 
current todo_out  :  0 
current todo_leak_move  :  0 
current todo_license_plate  :  1 
current target_floor  :  0
current target_place  :  1
floor 7  : 0 |  1  4  2  3 |  9  4  2  3
floor 6  : 0 |  8  4  2  8 |  0  0  0  0
floor 5  : 1 |  9  4  3  9 |  9  4  3  1
floor 4  : 0 |  5  4  2  4 |  5  4  2  6
floor 3  : 0 |  1  4  2  9 |  1  4  2  1
floor 2  : 0 |  9  4  2  0 |  6  4  2  2
floor 1  : 0 |  9  4  2  7 |  6  4  2  5
floor 0  : 0
moving  :   8  7  5  4
plate type  :  0 
fee leakage:  00000000 
------------------------------------------

Elevator module same state 2 -> 2
in STATE_CAR_OUT

-----------------
clock count :  39 
license_plate  :   0  0  0  0 
in_mode : 0 
out_mode : 0 
current leakage:  0 
current leakage_floor:  000 
current todo_exists  :  1 
current todo_in  :  1 
current todo_out  :  0 
current todo_leak_move  :  0 
current todo_license_plate  :  1 
current target_floor  :  0
current target_place  :  0
floor 7  : 0 |  1  4  2  3 |  9  4  2  3
floor 6  : 0 |  8  4  2  8 |  0  0  0  0
floor 5  : 0 |  9  4  3  9 |  9  4  3  1
floor 4  : 1 |  5  4  2  4 |  5  4  2  6
floor 3  : 0 |  1  4  2  9 |  1  4  2  1
floor 2  : 0 |  9  4  2  0 |  6  4  2  2
floor 1  : 0 |  9  4  2  7 |  6  4  2  5
floor 0  : 0
moving  :   8  7  5  4
plate type  :  0 
fee leakage:  00000000 
------------------------------------------

Elevator module same state 2 -> 2
in STATE_CAR_OUT

-----------------
clock count :  40 
license_plate  :   0  0  0  0 
in_mode : 0 
out_mode : 0 
current leakage:  0 
current leakage_floor:  000 
current todo_exists  :  1 
current todo_in  :  1 
current todo_out  :  0 
current todo_leak_move  :  0 
current todo_license_plate  :  1 
current target_floor  :  0
current target_place  :  0
floor 7  : 0 |  1  4  2  3 |  9  4  2  3
floor 6  : 0 |  8  4  2  8 |  0  0  0  0
floor 5  : 0 |  9  4  3  9 |  9  4  3  1
floor 4  : 0 |  5  4  2  4 |  5  4  2  6
floor 3  : 1 |  1  4  2  9 |  1  4  2  1
floor 2  : 0 |  9  4  2  0 |  6  4  2  2
floor 1  : 0 |  9  4  2  7 |  6  4  2  5
floor 0  : 0
moving  :   8  7  5  4
plate type  :  0 
fee leakage:  00000000 
------------------------------------------

Elevator module same state 2 -> 2
in STATE_CAR_OUT

-----------------
clock count :  41 
license_plate  :   0  0  0  0 
in_mode : 0 
out_mode : 0 
current leakage:  0 
current leakage_floor:  000 
current todo_exists  :  1 
current todo_in  :  1 
current todo_out  :  0 
current todo_leak_move  :  0 
current todo_license_plate  :  1 
current target_floor  :  0
current target_place  :  0
floor 7  : 0 |  1  4  2  3 |  9  4  2  3
floor 6  : 0 |  8  4  2  8 |  0  0  0  0
floor 5  : 0 |  9  4  3  9 |  9  4  3  1
floor 4  : 0 |  5  4  2  4 |  5  4  2  6
floor 3  : 0 |  1  4  2  9 |  1  4  2  1
floor 2  : 1 |  9  4  2  0 |  6  4  2  2
floor 1  : 0 |  9  4  2  7 |  6  4  2  5
floor 0  : 0
moving  :   8  7  5  4
plate type  :  0 
fee leakage:  00000000 
------------------------------------------

Elevator module same state 2 -> 2
in STATE_CAR_OUT

-----------------
clock count :  42 
license_plate  :   0  0  0  0 
in_mode : 0 
out_mode : 0 
current leakage:  0 
current leakage_floor:  000 
current todo_exists  :  1 
current todo_in  :  1 
current todo_out  :  0 
current todo_leak_move  :  0 
current todo_license_plate  :  1 
current target_floor  :  0
current target_place  :  0
floor 7  : 0 |  1  4  2  3 |  9  4  2  3
floor 6  : 0 |  8  4  2  8 |  0  0  0  0
floor 5  : 0 |  9  4  3  9 |  9  4  3  1
floor 4  : 0 |  5  4  2  4 |  5  4  2  6
floor 3  : 0 |  1  4  2  9 |  1  4  2  1
floor 2  : 0 |  9  4  2  0 |  6  4  2  2
floor 1  : 1 |  9  4  2  7 |  6  4  2  5
floor 0  : 0
moving  :   8  7  5  4
plate type  :  0 
fee leakage:  00000110 
------------------------------------------

Elevator module same state 2 -> 2
in STATE_CAR_OUT
 8  7  5  4 is getting out of elevator. Current floor : 0

Parking fee =   6 cents


-----------------
clock count :  43 
license_plate  :   0  0  0  0 
in_mode : 0 
out_mode : 0 
current leakage:  0 
current leakage_floor:  000 
current todo_exists  :  1 
current todo_in  :  1 
current todo_out  :  0 
current todo_leak_move  :  0 
current todo_license_plate  :  1 
current target_floor  :  0
current target_place  :  0
floor 7  : 0 |  1  4  2  3 |  9  4  2  3
floor 6  : 0 |  8  4  2  8 |  0  0  0  0
floor 5  : 0 |  9  4  3  9 |  9  4  3  1
floor 4  : 0 |  5  4  2  4 |  5  4  2  6
floor 3  : 0 |  1  4  2  9 |  1  4  2  1
floor 2  : 0 |  9  4  2  0 |  6  4  2  2
floor 1  : 0 |  9  4  2  7 |  6  4  2  5
floor 0  : 1
moving  :   0  0  0  0
plate type  :  0 
fee leakage:  00000110 
------------------------------------------

Elevator module state transition 2 -> 1
in STATE_CAR_IN
target_floor = 0
current_floor = 0
moving =  0 0 0 0
in plate_type change

-----------------
clock count :  44 
license_plate  :   0  0  0  0 
in_mode : 0 
out_mode : 0 
current leakage:  0 
current leakage_floor:  000 
current todo_exists  :  1 
current todo_in  :  1 
current todo_out  :  0 
current todo_leak_move  :  0 
current todo_license_plate  :  1 
current target_floor  :  0
current target_place  :  0
floor 7  : 0 |  1  4  2  3 |  9  4  2  3
floor 6  : 0 |  8  4  2  8 |  0  0  0  0
floor 5  : 0 |  9  4  3  9 |  9  4  3  1
floor 4  : 0 |  5  4  2  4 |  5  4  2  6
floor 3  : 0 |  1  4  2  9 |  1  4  2  1
floor 2  : 0 |  9  4  2  0 |  6  4  2  2
floor 1  : 0 |  9  4  2  7 |  6  4  2  5
floor 0  : 1
moving  :   0  0  0  0
plate type  :  1 
fee leakage:  00000110 
------------------------------------------

Elevator module same state 1 -> 1
in STATE_CAR_IN
target_floor = 0
current_floor = 0
moving =  0 0 0 0
in boarding car
 5  7  5  5 is onboard elevator. Current floor : 0


-----------------
clock count :  45 
license_plate  :   0  0  0  0 
in_mode : 0 
out_mode : 0 
current leakage:  0 
current leakage_floor:  000 
current todo_exists  :  1 
current todo_in  :  1 
current todo_out  :  0 
current todo_leak_move  :  0 
current todo_license_plate  :  1 
current target_floor  :  0
current target_place  :  0
floor 7  : 0 |  1  4  2  3 |  9  4  2  3
floor 6  : 0 |  8  4  2  8 |  0  0  0  0
floor 5  : 0 |  9  4  3  9 |  9  4  3  1
floor 4  : 0 |  5  4  2  4 |  5  4  2  6
floor 3  : 0 |  1  4  2  9 |  1  4  2  1
floor 2  : 0 |  9  4  2  0 |  6  4  2  2
floor 1  : 0 |  9  4  2  7 |  6  4  2  5
floor 0  : 1
moving  :   5  7  5  5
plate type  :  1 
fee leakage:  00000110 
------------------------------------------

Elevator module same state 1 -> 1
in STATE_CAR_IN
target_floor = 0
current_floor = 1
moving =  5 7 5 5

-----------------
clock count :  46 
license_plate  :   0  0  0  0 
in_mode : 0 
out_mode : 0 
current leakage:  0 
current leakage_floor:  000 
current todo_exists  :  1 
current todo_in  :  1 
current todo_out  :  0 
current todo_leak_move  :  0 
current todo_license_plate  :  1 
current target_floor  :  0
current target_place  :  0
floor 7  : 0 |  1  4  2  3 |  9  4  2  3
floor 6  : 0 |  8  4  2  8 |  0  0  0  0
floor 5  : 0 |  9  4  3  9 |  9  4  3  1
floor 4  : 0 |  5  4  2  4 |  5  4  2  6
floor 3  : 0 |  1  4  2  9 |  1  4  2  1
floor 2  : 0 |  9  4  2  0 |  6  4  2  2
floor 1  : 1 |  9  4  2  7 |  6  4  2  5
floor 0  : 0
moving  :   5  7  5  5
plate type  :  1 
fee leakage:  00000110 
------------------------------------------

Elevator module same state 1 -> 1
in STATE_CAR_IN
target_floor = 0
current_floor = 0
moving =  5 7 5 5
park_change = 1, new_car =  5 d  7  5, moving =  5    0
 5  7  5  5 is getting out of elevator. Current floor : 0

Parking fee =   0 cents


-----------------
clock count :  47 
license_plate  :   0  0  0  0 
in_mode : 0 
out_mode : 0 
current leakage:  0 
current leakage_floor:  000 
current todo_exists  :  1 
current todo_in  :  1 
current todo_out  :  0 
current todo_leak_move  :  0 
current todo_license_plate  :  1 
current target_floor  :  0
current target_place  :  0
floor 7  : 0 |  1  4  2  3 |  9  4  2  3
floor 6  : 0 |  8  4  2  8 |  0  0  0  0
floor 5  : 0 |  9  4  3  9 |  9  4  3  1
floor 4  : 0 |  5  4  2  4 |  5  4  2  6
floor 3  : 0 |  1  4  2  9 |  1  4  2  1
floor 2  : 0 |  9  4  2  0 |  6  4  2  2
floor 1  : 0 |  9  4  2  7 |  6  4  2  5
floor 0  : 1
moving  :   0  0  0  0
plate type  :  1 
fee leakage:  00000000 
------------------------------------------

Elevator module same state 1 -> 1
in STATE_CAR_IN
target_floor = 0
current_floor = 0
moving =  0 0 0 0
in plate_type change

-----------------
clock count :  48 
license_plate  :   0  0  0  0 
in_mode : 0 
out_mode : 0 
current leakage:  0 
current leakage_floor:  000 
current todo_exists  :  0 
current todo_in  :  0 
current todo_out  :  0 
current todo_leak_move  :  0 
current todo_license_plate  :  0 
current target_floor  :  0
current target_place  :  0
floor 7  : 0 |  1  4  2  3 |  9  4  2  3
floor 6  : 0 |  8  4  2  8 |  0  0  0  0
floor 5  : 0 |  9  4  3  9 |  9  4  3  1
floor 4  : 0 |  5  4  2  4 |  5  4  2  6
floor 3  : 0 |  1  4  2  9 |  1  4  2  1
floor 2  : 0 |  9  4  2  0 |  6  4  2  2
floor 1  : 0 |  5  7  5  5 |  6  4  2  5
floor 0  : 1
moving  :   0  0  0  0
plate type  :  0 
fee leakage:  00000000 
------------------------------------------

Elevator module same state 1 -> 1
in STATE_CAR_IN
target_floor = 0
current_floor = 0
moving =  0 0 0 0
in boarding car
 5  7  5  0 is onboard elevator. Current floor : 0


-----------------
clock count :  49 
license_plate  :   0  0  0  0 
in_mode : 0 
out_mode : 0 
current leakage:  0 
current leakage_floor:  000 
current todo_exists  :  1 
current todo_in  :  1 
current todo_out  :  0 
current todo_leak_move  :  0 
current todo_license_plate  :  0 
current target_floor  :  0
current target_place  :  1
floor 7  : 0 |  1  4  2  3 |  9  4  2  3
floor 6  : 0 |  8  4  2  8 |  0  0  0  0
floor 5  : 0 |  9  4  3  9 |  9  4  3  1
floor 4  : 0 |  5  4  2  4 |  5  4  2  6
floor 3  : 0 |  1  4  2  9 |  1  4  2  1
floor 2  : 0 |  9  4  2  0 |  6  4  2  2
floor 1  : 0 |  5  7  5  5 |  6  4  2  5
floor 0  : 1
moving  :   5  7  5  0
plate type  :  0 
fee leakage:  01100000 
------------------------------------------

Elevator module same state 1 -> 1
in STATE_CAR_IN
target_floor = 6
current_floor = 1
moving =  5 7 5 0

-----------------
clock count :  50 
license_plate  :   0  0  0  0 
in_mode : 0 
out_mode : 0 
current leakage:  0 
current leakage_floor:  000 
current todo_exists  :  1 
current todo_in  :  1 
current todo_out  :  0 
current todo_leak_move  :  0 
current todo_license_plate  :  0 
current target_floor  :  6
current target_place  :  1
floor 7  : 0 |  1  4  2  3 |  9  4  2  3
floor 6  : 0 |  8  4  2  8 |  0  0  0  0
floor 5  : 0 |  9  4  3  9 |  9  4  3  1
floor 4  : 0 |  5  4  2  4 |  5  4  2  6
floor 3  : 0 |  1  4  2  9 |  1  4  2  1
floor 2  : 0 |  9  4  2  0 |  6  4  2  2
floor 1  : 1 |  5  7  5  5 |  6  4  2  5
floor 0  : 0
moving  :   5  7  5  0
plate type  :  0 
fee leakage:  01100010 
------------------------------------------

Elevator module same state 1 -> 1
in STATE_CAR_IN
target_floor = 6
current_floor = 2
moving =  5 7 5 0

-----------------
clock count :  51 
license_plate  :   0  0  0  0 
in_mode : 0 
out_mode : 0 
current leakage:  0 
current leakage_floor:  000 
current todo_exists  :  1 
current todo_in  :  1 
current todo_out  :  0 
current todo_leak_move  :  0 
current todo_license_plate  :  0 
current target_floor  :  6
current target_place  :  1
floor 7  : 0 |  1  4  2  3 |  9  4  2  3
floor 6  : 0 |  8  4  2  8 |  0  0  0  0
floor 5  : 0 |  9  4  3  9 |  9  4  3  1
floor 4  : 0 |  5  4  2  4 |  5  4  2  6
floor 3  : 0 |  1  4  2  9 |  1  4  2  1
floor 2  : 1 |  9  4  2  0 |  6  4  2  2
floor 1  : 0 |  5  7  5  5 |  6  4  2  5
floor 0  : 0
moving  :   5  7  5  0
plate type  :  0 
fee leakage:  01100100 
------------------------------------------

Elevator module same state 1 -> 1
in STATE_CAR_IN
target_floor = 6
current_floor = 3
moving =  5 7 5 0

-----------------
clock count :  52 
license_plate  :   0  0  0  0 
in_mode : 0 
out_mode : 0 
current leakage:  0 
current leakage_floor:  000 
current todo_exists  :  1 
current todo_in  :  1 
current todo_out  :  0 
current todo_leak_move  :  0 
current todo_license_plate  :  0 
current target_floor  :  6
current target_place  :  1
floor 7  : 0 |  1  4  2  3 |  9  4  2  3
floor 6  : 0 |  8  4  2  8 |  0  0  0  0
floor 5  : 0 |  9  4  3  9 |  9  4  3  1
floor 4  : 0 |  5  4  2  4 |  5  4  2  6
floor 3  : 1 |  1  4  2  9 |  1  4  2  1
floor 2  : 0 |  9  4  2  0 |  6  4  2  2
floor 1  : 0 |  5  7  5  5 |  6  4  2  5
floor 0  : 0
moving  :   5  7  5  0
plate type  :  0 
fee leakage:  01100110 
------------------------------------------

Elevator module same state 1 -> 1
in STATE_CAR_IN
target_floor = 6
current_floor = 4
moving =  5 7 5 0

-----------------
clock count :  53 
license_plate  :   0  0  0  0 
in_mode : 0 
out_mode : 0 
current leakage:  0 
current leakage_floor:  000 
current todo_exists  :  1 
current todo_in  :  1 
current todo_out  :  0 
current todo_leak_move  :  0 
current todo_license_plate  :  0 
current target_floor  :  6
current target_place  :  1
floor 7  : 0 |  1  4  2  3 |  9  4  2  3
floor 6  : 0 |  8  4  2  8 |  0  0  0  0
floor 5  : 0 |  9  4  3  9 |  9  4  3  1
floor 4  : 1 |  5  4  2  4 |  5  4  2  6
floor 3  : 0 |  1  4  2  9 |  1  4  2  1
floor 2  : 0 |  9  4  2  0 |  6  4  2  2
floor 1  : 0 |  5  7  5  5 |  6  4  2  5
floor 0  : 0
moving  :   5  7  5  0
plate type  :  0 
fee leakage:  01101000 
------------------------------------------

Elevator module same state 1 -> 1
in STATE_CAR_IN
target_floor = 6
current_floor = 5
moving =  5 7 5 0

-----------------
clock count :  54 
license_plate  :   0  0  0  0 
in_mode : 0 
out_mode : 0 
current leakage:  0 
current leakage_floor:  000 
current todo_exists  :  1 
current todo_in  :  1 
current todo_out  :  0 
current todo_leak_move  :  0 
current todo_license_plate  :  0 
current target_floor  :  6
current target_place  :  1
floor 7  : 0 |  1  4  2  3 |  9  4  2  3
floor 6  : 0 |  8  4  2  8 |  0  0  0  0
floor 5  : 1 |  9  4  3  9 |  9  4  3  1
floor 4  : 0 |  5  4  2  4 |  5  4  2  6
floor 3  : 0 |  1  4  2  9 |  1  4  2  1
floor 2  : 0 |  9  4  2  0 |  6  4  2  2
floor 1  : 0 |  5  7  5  5 |  6  4  2  5
floor 0  : 0
moving  :   5  7  5  0
plate type  :  0 
fee leakage:  01101010 
------------------------------------------

Elevator module same state 1 -> 1
in STATE_CAR_IN
target_floor = 6
current_floor = 6
moving =  5 7 5 0
park_change = 1, new_car =  5 d  7  5, moving =  0    0
 5  7  5  0 is getting out of elevator. Current floor : 6


-----------------
clock count :  55 
license_plate  :   0  0  0  0 
in_mode : 0 
out_mode : 0 
current leakage:  0 
current leakage_floor:  000 
current todo_exists  :  1 
current todo_in  :  1 
current todo_out  :  0 
current todo_leak_move  :  0 
current todo_license_plate  :  0 
current target_floor  :  6
current target_place  :  1
floor 7  : 0 |  1  4  2  3 |  9  4  2  3
floor 6  : 1 |  8  4  2  8 |  0  0  0  0
floor 5  : 0 |  9  4  3  9 |  9  4  3  1
floor 4  : 0 |  5  4  2  4 |  5  4  2  6
floor 3  : 0 |  1  4  2  9 |  1  4  2  1
floor 2  : 0 |  9  4  2  0 |  6  4  2  2
floor 1  : 0 |  5  7  5  5 |  6  4  2  5
floor 0  : 0
moving  :   0  0  0  0
plate type  :  0 
fee leakage:  00000110 
------------------------------------------

Elevator module same state 1 -> 1
in STATE_CAR_IN
target_floor = 0
current_floor = 6
moving =  0 0 0 0

-----------------
clock count :  56 
license_plate  :   0  0  0  0 
in_mode : 0 
out_mode : 0 
current leakage:  0 
current leakage_floor:  000 
current todo_exists  :  0 
current todo_in  :  0 
current todo_out  :  0 
current todo_leak_move  :  0 
current todo_license_plate  :  0 
current target_floor  :  0
current target_place  :  1
floor 7  : 0 |  1  4  2  3 |  9  4  2  3
floor 6  : 1 |  8  4  2  8 |  5  7  5  0
floor 5  : 0 |  9  4  3  9 |  9  4  3  1
floor 4  : 0 |  5  4  2  4 |  5  4  2  6
floor 3  : 0 |  1  4  2  9 |  1  4  2  1
floor 2  : 0 |  9  4  2  0 |  6  4  2  2
floor 1  : 0 |  5  7  5  5 |  6  4  2  5
floor 0  : 0
moving  :   0  0  0  0
plate type  :  0 
fee leakage:  00000110 
------------------------------------------

Elevator module state transition 1 -> 3
in STATE_NO_ORDER
Stopped at time : 575 ns : File "/home/luorix/Desktop/Digital-Logic-Design-F2023-jjoon0-patch-2/parking_lot_top_tb.v" Line 249
# exit 0
