Release 14.7 Map P.20131013 (lin64)
Xilinx Mapping Report File for Design 'parking_lot_top'

Design Information
------------------
Command Line   : map -intstyle ise -p xc3s200-ft256-4 -cm area -ir off -pr off
-c 100 -o parking_lot_top_map.ncd parking_lot_top.ngd parking_lot_top.pcf 
Target Device  : xc3s200
Target Package : ft256
Target Speed   : -4
Mapper Version : spartan3 -- $Revision: 1.55 $
Mapped Date    : Sun Dec 17 14:17:38 2023
ERROR:Pack:18 - The design is too large for the given device and package. 
   Please check the Design Summary section to see which resource requirement for
   your design exceeds the resources available in the device.

   NOTE: An NCD file will still be generated to allow you to examine the mapped
   design.  This file is intended for evaluation use only, and will not process
   successfully through PAR.

   This mapped NCD file can be used to evaluate how the design's logic has been
   mapped into FPGA logic resources.  It can also be used to analyze
   preliminary, logic-level (pre-route) timing with one of the Xilinx static
   timing analysis tools (TRCE or Timing Analyzer).

Design Summary
--------------
Number of errors:      2
Number of warnings:   20
Logic Utilization:
  Total Number Slice Registers:         525 out of   3,840   13%
    Number used as Flip Flops:          254
    Number used as Latches:             271
  Number of 4 input LUTs:               871 out of   3,840   22%
Logic Distribution:
  Number of occupied Slices:            638 out of   1,920   33%
    Number of Slices containing only related logic:     638 out of     638 100%
    Number of Slices containing unrelated logic:          0 out of     638   0%
      *See NOTES below for an explanation of the effects of unrelated logic.
  Total Number of 4 input LUTs:         970 out of   3,840   25%
    Number used as logic:               871
    Number used as a route-thru:         99

  The Slice Logic Distribution report is not meaningful if the design is
  over-mapped for a non-slice resource or if Placement fails.

  Number of bonded IOBs:                303 out of     173  175% (OVERMAPPED)
    IOB Flip Flops:                       6
    IOB Latches:                        225
  Number of BUFGMUXs:                     2 out of       8   25%

Average Fanout of Non-Clock Nets:                3.90

Peak Memory Usage:  538 MB
Total REAL time to MAP completion:  2 secs 
Total CPU time to MAP completion:   2 secs 

NOTES:

   Related logic is defined as being logic that shares connectivity - e.g. two
   LUTs are "related" if they share common inputs.  When assembling slices,
   Map gives priority to combine logic that is related.  Doing so results in
   the best timing performance.

   Unrelated logic shares no connectivity.  Map will only begin packing
   unrelated logic into a slice once 99% of the slices are occupied through
   related logic packing.

   Note that once logic distribution reaches the 99% level through related
   logic packing, this does not mean the device is completely utilized.
   Unrelated logic packing will then begin, continuing until all usable LUTs
   and FFs are occupied.  Depending on your timing budget, increased levels of
   unrelated logic packing may adversely affect the overall timing performance
   of your design.

Table of Contents
-----------------
Section 1 - Errors
Section 2 - Warnings
Section 3 - Informational
Section 4 - Removed Logic Summary
Section 5 - Removed Logic
Section 6 - IOB Properties
Section 7 - RPMs
Section 8 - Guide Report
Section 9 - Area Group and Partition Summary
Section 10 - Timing Report
Section 11 - Configuration String Information
Section 12 - Control Set Information
Section 13 - Utilization by Hierarchy

Section 1 - Errors
------------------
ERROR:Pack:2309 - Too many bonded comps of type "IOB" found to fit this device.
ERROR:Pack:18 - The design is too large for the given device and package. 
   Please check the Design Summary section to see which resource requirement for
   your design exceeds the resources available in the device.

   NOTE: An NCD file will still be generated to allow you to examine the mapped
   design.  This file is intended for evaluation use only, and will not process
   successfully through PAR.

   This mapped NCD file can be used to evaluate how the design's logic has been
   mapped into FPGA logic resources.  It can also be used to analyze
   preliminary, logic-level (pre-route) timing with one of the Xilinx static
   timing analysis tools (TRCE or Timing Analyzer).

Section 2 - Warnings
--------------------
WARNING:PhysDesignRules:372 - Gated clock. Clock net parked_1_15_cmp_eq0000 is
   sourced by a combinatorial pin. This is not good design practice. Use the CE
   pin to control the loading of data into the flip-flop.
WARNING:PhysDesignRules:372 - Gated clock. Clock net parked_2_15_cmp_eq0000 is
   sourced by a combinatorial pin. This is not good design practice. Use the CE
   pin to control the loading of data into the flip-flop.
WARNING:PhysDesignRules:372 - Gated clock. Clock net parked_2_31_cmp_eq0000 is
   sourced by a combinatorial pin. This is not good design practice. Use the CE
   pin to control the loading of data into the flip-flop.
WARNING:PhysDesignRules:372 - Gated clock. Clock net parked_3_15_cmp_eq0000 is
   sourced by a combinatorial pin. This is not good design practice. Use the CE
   pin to control the loading of data into the flip-flop.
WARNING:PhysDesignRules:372 - Gated clock. Clock net parked_3_31_cmp_eq0000 is
   sourced by a combinatorial pin. This is not good design practice. Use the CE
   pin to control the loading of data into the flip-flop.
WARNING:PhysDesignRules:372 - Gated clock. Clock net parked_4_15_cmp_eq0000 is
   sourced by a combinatorial pin. This is not good design practice. Use the CE
   pin to control the loading of data into the flip-flop.
WARNING:PhysDesignRules:372 - Gated clock. Clock net parked_4_31_cmp_eq0000 is
   sourced by a combinatorial pin. This is not good design practice. Use the CE
   pin to control the loading of data into the flip-flop.
WARNING:PhysDesignRules:372 - Gated clock. Clock net parked_5_15_cmp_eq0000 is
   sourced by a combinatorial pin. This is not good design practice. Use the CE
   pin to control the loading of data into the flip-flop.
WARNING:PhysDesignRules:372 - Gated clock. Clock net parked_5_31_cmp_eq0000 is
   sourced by a combinatorial pin. This is not good design practice. Use the CE
   pin to control the loading of data into the flip-flop.
WARNING:PhysDesignRules:372 - Gated clock. Clock net parked_6_15_cmp_eq0000 is
   sourced by a combinatorial pin. This is not good design practice. Use the CE
   pin to control the loading of data into the flip-flop.
WARNING:PhysDesignRules:372 - Gated clock. Clock net parked_6_31_cmp_eq0000 is
   sourced by a combinatorial pin. This is not good design practice. Use the CE
   pin to control the loading of data into the flip-flop.
WARNING:PhysDesignRules:372 - Gated clock. Clock net parked_7_15_cmp_eq0000 is
   sourced by a combinatorial pin. This is not good design practice. Use the CE
   pin to control the loading of data into the flip-flop.
WARNING:PhysDesignRules:372 - Gated clock. Clock net parked_7_31_cmp_eq0000 is
   sourced by a combinatorial pin. This is not good design practice. Use the CE
   pin to control the loading of data into the flip-flop.
WARNING:PhysDesignRules:372 - Gated clock. Clock net
   elevator_ctrl/newly_parked_cmp_eq0002 is sourced by a combinatorial pin. This
   is not good design practice. Use the CE pin to control the loading of data
   into the flip-flop.
WARNING:PhysDesignRules:372 - Gated clock. Clock net
   elevator_ctrl/next_state_not0001 is sourced by a combinatorial pin. This is
   not good design practice. Use the CE pin to control the loading of data into
   the flip-flop.
WARNING:PhysDesignRules:372 - Gated clock. Clock net
   elevator_ctrl/moving_not0001 is sourced by a combinatorial pin. This is not
   good design practice. Use the CE pin to control the loading of data into the
   flip-flop.
WARNING:PhysDesignRules:372 - Gated clock. Clock net
   elevator_ctrl/current_work_done_not0002 is sourced by a combinatorial pin.
   This is not good design practice. Use the CE pin to control the loading of
   data into the flip-flop.
WARNING:PhysDesignRules:372 - Gated clock. Clock net
   elevator_ctrl/car_out_ready_not0001 is sourced by a combinatorial pin. This
   is not good design practice. Use the CE pin to control the loading of data
   into the flip-flop.
WARNING:PhysDesignRules:372 - Gated clock. Clock net
   elevator_ctrl/newly_parked_not0001 is sourced by a combinatorial pin. This is
   not good design practice. Use the CE pin to control the loading of data into
   the flip-flop.
WARNING:PhysDesignRules:372 - Gated clock. Clock net
   elevator_ctrl/plate_type_not0001 is sourced by a combinatorial pin. This is
   not good design practice. Use the CE pin to control the loading of data into
   the flip-flop.

Section 3 - Informational
-------------------------
INFO:LIT:243 - Logical network license_plate<7> has no load.
INFO:LIT:395 - The above info message is repeated 7 more times for the following
   (max. 5 shown):
   license_plate<6>,
   license_plate<5>,
   license_plate<4>,
   license_plate<3>,
   license_plate<2>
   To see the details of these info messages, please use the -detail switch.
INFO:MapLib:562 - No environment variables are currently set.
INFO:LIT:244 - All of the single ended outputs in this design are using slew
   rate limited output drivers. The delay on speed critical single ended outputs
   can be dramatically reduced by designating them as fast outputs.

Section 4 - Removed Logic Summary
---------------------------------
   2 block(s) optimized away

Section 5 - Removed Logic
-------------------------

Optimized Block(s):
TYPE 		BLOCK
GND 		XST_GND
VCC 		XST_VCC

To enable printing of redundant blocks removed and signals merged, set the
detailed map report option and rerun map.

Section 6 - IOB Properties
--------------------------

+---------------------------------------------------------------------------------------------------------------------------------------------------------+
| IOB Name                           | Type             | Direction | IO Standard          | Diff  | Drive    | Slew | Reg (s)      | Resistor | IOB      |
|                                    |                  |           |                      | Term  | Strength | Rate |              |          | Delay    |
+---------------------------------------------------------------------------------------------------------------------------------------------------------+
| clock                              | IOB              | INPUT     | LVCMOS25             |       |          |      |              |          |          |
| curr_state_for_test<0>             | IOB              | OUTPUT    | LVCMOS25             |       | 12       | SLOW | OFF1         |          |          |
| curr_state_for_test<1>             | IOB              | OUTPUT    | LVCMOS25             |       | 12       | SLOW | OFF1         |          |          |
| curr_state_for_test<2>             | IOB              | OUTPUT    | LVCMOS25             |       | 12       | SLOW | OFF1         |          |          |
| current_floor<0>                   | IOB              | OUTPUT    | LVCMOS25             |       | 12       | SLOW | OFF1         |          |          |
| current_floor<1>                   | IOB              | OUTPUT    | LVCMOS25             |       | 12       | SLOW | OFF1         |          |          |
| current_floor<2>                   | IOB              | OUTPUT    | LVCMOS25             |       | 12       | SLOW | OFF1         |          |          |
| empty_sedan<0>                     | IOB              | OUTPUT    | LVCMOS25             |       | 12       | SLOW |              |          |          |
| empty_sedan<1>                     | IOB              | OUTPUT    | LVCMOS25             |       | 12       | SLOW |              |          |          |
| empty_sedan<2>                     | IOB              | OUTPUT    | LVCMOS25             |       | 12       | SLOW |              |          |          |
| empty_sedan<3>                     | IOB              | OUTPUT    | LVCMOS25             |       | 12       | SLOW |              |          |          |
| empty_suv<0>                       | IOB              | OUTPUT    | LVCMOS25             |       | 12       | SLOW |              |          |          |
| empty_suv<1>                       | IOB              | OUTPUT    | LVCMOS25             |       | 12       | SLOW |              |          |          |
| empty_suv<2>                       | IOB              | OUTPUT    | LVCMOS25             |       | 12       | SLOW |              |          |          |
| empty_suv<3>                       | IOB              | OUTPUT    | LVCMOS25             |       | 12       | SLOW |              |          |          |
| fee<0>                             | IOB              | OUTPUT    | LVCMOS25             |       | 12       | SLOW |              |          |          |
| fee<1>                             | IOB              | OUTPUT    | LVCMOS25             |       | 12       | SLOW |              |          |          |
| fee<2>                             | IOB              | OUTPUT    | LVCMOS25             |       | 12       | SLOW |              |          |          |
| fee<3>                             | IOB              | OUTPUT    | LVCMOS25             |       | 12       | SLOW |              |          |          |
| fee<4>                             | IOB              | OUTPUT    | LVCMOS25             |       | 12       | SLOW |              |          |          |
| fee<5>                             | IOB              | OUTPUT    | LVCMOS25             |       | 12       | SLOW |              |          |          |
| fee<6>                             | IOB              | OUTPUT    | LVCMOS25             |       | 12       | SLOW |              |          |          |
| fee<7>                             | IOB              | OUTPUT    | LVCMOS25             |       | 12       | SLOW |              |          |          |
| full_sedan                         | IOB              | OUTPUT    | LVCMOS25             |       | 12       | SLOW |              |          |          |
| full_suv                           | IOB              | OUTPUT    | LVCMOS25             |       | 12       | SLOW |              |          |          |
| in_mode                            | IOB              | INPUT     | LVCMOS25             |       |          |      |              |          |          |
| in_mode_internal                   | IOB              | OUTPUT    | LVCMOS25             |       | 12       | SLOW |              |          |          |
| leakage                            | IOB              | INPUT     | LVCMOS25             |       |          |      |              |          |          |
| leakage_floor<0>                   | IOB              | INPUT     | LVCMOS25             |       |          |      |              |          |          |
| leakage_floor<1>                   | IOB              | INPUT     | LVCMOS25             |       |          |      |              |          |          |
| leakage_floor<2>                   | IOB              | INPUT     | LVCMOS25             |       |          |      |              |          |          |
| license_plate<8>                   | IOB              | INPUT     | LVCMOS25             |       |          |      |              |          |          |
| license_plate<9>                   | IOB              | INPUT     | LVCMOS25             |       |          |      |              |          |          |
| license_plate<10>                  | IOB              | INPUT     | LVCMOS25             |       |          |      |              |          |          |
| license_plate<11>                  | IOB              | INPUT     | LVCMOS25             |       |          |      |              |          |          |
| license_plate<12>                  | IOB              | INPUT     | LVCMOS25             |       |          |      |              |          |          |
| license_plate<13>                  | IOB              | INPUT     | LVCMOS25             |       |          |      |              |          |          |
| license_plate<14>                  | IOB              | INPUT     | LVCMOS25             |       |          |      |              |          |          |
| license_plate<15>                  | IOB              | INPUT     | LVCMOS25             |       |          |      |              |          |          |
| license_plate_internal<0>          | IOB              | OUTPUT    | LVCMOS25             |       | 12       | SLOW |              |          |          |
| license_plate_internal<1>          | IOB              | OUTPUT    | LVCMOS25             |       | 12       | SLOW |              |          |          |
| license_plate_internal<2>          | IOB              | OUTPUT    | LVCMOS25             |       | 12       | SLOW |              |          |          |
| license_plate_internal<3>          | IOB              | OUTPUT    | LVCMOS25             |       | 12       | SLOW |              |          |          |
| license_plate_internal<4>          | IOB              | OUTPUT    | LVCMOS25             |       | 12       | SLOW |              |          |          |
| license_plate_internal<5>          | IOB              | OUTPUT    | LVCMOS25             |       | 12       | SLOW |              |          |          |
| license_plate_internal<6>          | IOB              | OUTPUT    | LVCMOS25             |       | 12       | SLOW |              |          |          |
| license_plate_internal<7>          | IOB              | OUTPUT    | LVCMOS25             |       | 12       | SLOW |              |          |          |
| license_plate_internal<8>          | IOB              | OUTPUT    | LVCMOS25             |       | 12       | SLOW |              |          |          |
| license_plate_internal<9>          | IOB              | OUTPUT    | LVCMOS25             |       | 12       | SLOW |              |          |          |
| license_plate_internal<10>         | IOB              | OUTPUT    | LVCMOS25             |       | 12       | SLOW |              |          |          |
| license_plate_internal<11>         | IOB              | OUTPUT    | LVCMOS25             |       | 12       | SLOW |              |          |          |
| license_plate_internal<12>         | IOB              | OUTPUT    | LVCMOS25             |       | 12       | SLOW |              |          |          |
| license_plate_internal<13>         | IOB              | OUTPUT    | LVCMOS25             |       | 12       | SLOW |              |          |          |
| license_plate_internal<14>         | IOB              | OUTPUT    | LVCMOS25             |       | 12       | SLOW |              |          |          |
| license_plate_internal<15>         | IOB              | OUTPUT    | LVCMOS25             |       | 12       | SLOW |              |          |          |
| moving<0>                          | IOB              | OUTPUT    | LVCMOS25             |       | 12       | SLOW |              |          |          |
| moving<1>                          | IOB              | OUTPUT    | LVCMOS25             |       | 12       | SLOW |              |          |          |
| moving<2>                          | IOB              | OUTPUT    | LVCMOS25             |       | 12       | SLOW |              |          |          |
| moving<3>                          | IOB              | OUTPUT    | LVCMOS25             |       | 12       | SLOW |              |          |          |
| moving<4>                          | IOB              | OUTPUT    | LVCMOS25             |       | 12       | SLOW |              |          |          |
| moving<5>                          | IOB              | OUTPUT    | LVCMOS25             |       | 12       | SLOW |              |          |          |
| moving<6>                          | IOB              | OUTPUT    | LVCMOS25             |       | 12       | SLOW |              |          |          |
| moving<7>                          | IOB              | OUTPUT    | LVCMOS25             |       | 12       | SLOW |              |          |          |
| moving<8>                          | IOB              | OUTPUT    | LVCMOS25             |       | 12       | SLOW |              |          |          |
| moving<9>                          | IOB              | OUTPUT    | LVCMOS25             |       | 12       | SLOW |              |          |          |
| moving<10>                         | IOB              | OUTPUT    | LVCMOS25             |       | 12       | SLOW |              |          |          |
| moving<11>                         | IOB              | OUTPUT    | LVCMOS25             |       | 12       | SLOW |              |          |          |
| moving<12>                         | IOB              | OUTPUT    | LVCMOS25             |       | 12       | SLOW |              |          |          |
| moving<13>                         | IOB              | OUTPUT    | LVCMOS25             |       | 12       | SLOW |              |          |          |
| moving<14>                         | IOB              | OUTPUT    | LVCMOS25             |       | 12       | SLOW |              |          |          |
| moving<15>                         | IOB              | OUTPUT    | LVCMOS25             |       | 12       | SLOW |              |          |          |
| out_mode                           | IOB              | INPUT     | LVCMOS25             |       |          |      |              |          |          |
| out_mode_internal                  | IOB              | OUTPUT    | LVCMOS25             |       | 12       | SLOW |              |          |          |
| parked_1<0>                        | IOB              | OUTPUT    | LVCMOS25             |       | 12       | SLOW | OLATCH1      |          |          |
| parked_1<1>                        | IOB              | OUTPUT    | LVCMOS25             |       | 12       | SLOW | OLATCH1      |          |          |
| parked_1<2>                        | IOB              | OUTPUT    | LVCMOS25             |       | 12       | SLOW | OLATCH1      |          |          |
| parked_1<3>                        | IOB              | OUTPUT    | LVCMOS25             |       | 12       | SLOW | OLATCH1      |          |          |
| parked_1<4>                        | IOB              | OUTPUT    | LVCMOS25             |       | 12       | SLOW | OLATCH1      |          |          |
| parked_1<5>                        | IOB              | OUTPUT    | LVCMOS25             |       | 12       | SLOW | OLATCH1      |          |          |
| parked_1<6>                        | IOB              | OUTPUT    | LVCMOS25             |       | 12       | SLOW | OLATCH1      |          |          |
| parked_1<7>                        | IOB              | OUTPUT    | LVCMOS25             |       | 12       | SLOW | OLATCH1      |          |          |
| parked_1<8>                        | IOB              | OUTPUT    | LVCMOS25             |       | 12       | SLOW | OLATCH1      |          |          |
| parked_1<9>                        | IOB              | OUTPUT    | LVCMOS25             |       | 12       | SLOW | OLATCH1      |          |          |
| parked_1<10>                       | IOB              | OUTPUT    | LVCMOS25             |       | 12       | SLOW | OLATCH1      |          |          |
| parked_1<11>                       | IOB              | OUTPUT    | LVCMOS25             |       | 12       | SLOW | OLATCH1      |          |          |
| parked_1<12>                       | IOB              | OUTPUT    | LVCMOS25             |       | 12       | SLOW | OLATCH1      |          |          |
| parked_1<13>                       | IOB              | OUTPUT    | LVCMOS25             |       | 12       | SLOW | OLATCH1      |          |          |
| parked_1<14>                       | IOB              | OUTPUT    | LVCMOS25             |       | 12       | SLOW | OLATCH1      |          |          |
| parked_1<15>                       | IOB              | OUTPUT    | LVCMOS25             |       | 12       | SLOW | OLATCH1      |          |          |
| parked_1<16>                       | IOB              | OUTPUT    | LVCMOS25             |       | 12       | SLOW | OLATCH1      |          |          |
| parked_1<17>                       | IOB              | OUTPUT    | LVCMOS25             |       | 12       | SLOW | OLATCH1      |          |          |
| parked_1<18>                       | IOB              | OUTPUT    | LVCMOS25             |       | 12       | SLOW | OLATCH1      |          |          |
| parked_1<19>                       | IOB              | OUTPUT    | LVCMOS25             |       | 12       | SLOW | OLATCH1      |          |          |
| parked_1<20>                       | IOB              | OUTPUT    | LVCMOS25             |       | 12       | SLOW | OLATCH1      |          |          |
| parked_1<21>                       | IOB              | OUTPUT    | LVCMOS25             |       | 12       | SLOW | OLATCH1      |          |          |
| parked_1<22>                       | IOB              | OUTPUT    | LVCMOS25             |       | 12       | SLOW | OLATCH1      |          |          |
| parked_1<23>                       | IOB              | OUTPUT    | LVCMOS25             |       | 12       | SLOW | OLATCH1      |          |          |
| parked_1<24>                       | IOB              | OUTPUT    | LVCMOS25             |       | 12       | SLOW | OLATCH1      |          |          |
| parked_1<25>                       | IOB              | OUTPUT    | LVCMOS25             |       | 12       | SLOW | OLATCH1      |          |          |
| parked_1<26>                       | IOB              | OUTPUT    | LVCMOS25             |       | 12       | SLOW | OLATCH1      |          |          |
| parked_1<27>                       | IOB              | OUTPUT    | LVCMOS25             |       | 12       | SLOW | OLATCH1      |          |          |
| parked_1<28>                       | IOB              | OUTPUT    | LVCMOS25             |       | 12       | SLOW | OLATCH1      |          |          |
| parked_1<29>                       | IOB              | OUTPUT    | LVCMOS25             |       | 12       | SLOW | OLATCH1      |          |          |
| parked_1<30>                       | IOB              | OUTPUT    | LVCMOS25             |       | 12       | SLOW | OLATCH1      |          |          |
| parked_1<31>                       | IOB              | OUTPUT    | LVCMOS25             |       | 12       | SLOW | OLATCH1      |          |          |
| parked_2<0>                        | IOB              | OUTPUT    | LVCMOS25             |       | 12       | SLOW | OLATCH1      |          |          |
| parked_2<1>                        | IOB              | OUTPUT    | LVCMOS25             |       | 12       | SLOW | OLATCH1      |          |          |
| parked_2<2>                        | IOB              | OUTPUT    | LVCMOS25             |       | 12       | SLOW | OLATCH1      |          |          |
| parked_2<3>                        | IOB              | OUTPUT    | LVCMOS25             |       | 12       | SLOW | OLATCH1      |          |          |
| parked_2<4>                        | IOB              | OUTPUT    | LVCMOS25             |       | 12       | SLOW | OLATCH1      |          |          |
| parked_2<5>                        | IOB              | OUTPUT    | LVCMOS25             |       | 12       | SLOW | OLATCH1      |          |          |
| parked_2<6>                        | IOB              | OUTPUT    | LVCMOS25             |       | 12       | SLOW | OLATCH1      |          |          |
| parked_2<7>                        | IOB              | OUTPUT    | LVCMOS25             |       | 12       | SLOW | OLATCH1      |          |          |
| parked_2<8>                        | IOB              | OUTPUT    | LVCMOS25             |       | 12       | SLOW | OLATCH1      |          |          |
| parked_2<9>                        | IOB              | OUTPUT    | LVCMOS25             |       | 12       | SLOW | OLATCH1      |          |          |
| parked_2<10>                       | IOB              | OUTPUT    | LVCMOS25             |       | 12       | SLOW | OLATCH1      |          |          |
| parked_2<11>                       | IOB              | OUTPUT    | LVCMOS25             |       | 12       | SLOW | OLATCH1      |          |          |
| parked_2<12>                       | IOB              | OUTPUT    | LVCMOS25             |       | 12       | SLOW | OLATCH1      |          |          |
| parked_2<13>                       | IOB              | OUTPUT    | LVCMOS25             |       | 12       | SLOW | OLATCH1      |          |          |
| parked_2<14>                       | IOB              | OUTPUT    | LVCMOS25             |       | 12       | SLOW | OLATCH1      |          |          |
| parked_2<15>                       | IOB              | OUTPUT    | LVCMOS25             |       | 12       | SLOW | OLATCH1      |          |          |
| parked_2<16>                       | IOB              | OUTPUT    | LVCMOS25             |       | 12       | SLOW | OLATCH1      |          |          |
| parked_2<17>                       | IOB              | OUTPUT    | LVCMOS25             |       | 12       | SLOW | OLATCH1      |          |          |
| parked_2<18>                       | IOB              | OUTPUT    | LVCMOS25             |       | 12       | SLOW | OLATCH1      |          |          |
| parked_2<19>                       | IOB              | OUTPUT    | LVCMOS25             |       | 12       | SLOW | OLATCH1      |          |          |
| parked_2<20>                       | IOB              | OUTPUT    | LVCMOS25             |       | 12       | SLOW | OLATCH1      |          |          |
| parked_2<21>                       | IOB              | OUTPUT    | LVCMOS25             |       | 12       | SLOW | OLATCH1      |          |          |
| parked_2<22>                       | IOB              | OUTPUT    | LVCMOS25             |       | 12       | SLOW | OLATCH1      |          |          |
| parked_2<23>                       | IOB              | OUTPUT    | LVCMOS25             |       | 12       | SLOW | OLATCH1      |          |          |
| parked_2<24>                       | IOB              | OUTPUT    | LVCMOS25             |       | 12       | SLOW | OLATCH1      |          |          |
| parked_2<25>                       | IOB              | OUTPUT    | LVCMOS25             |       | 12       | SLOW | OLATCH1      |          |          |
| parked_2<26>                       | IOB              | OUTPUT    | LVCMOS25             |       | 12       | SLOW | OLATCH1      |          |          |
| parked_2<27>                       | IOB              | OUTPUT    | LVCMOS25             |       | 12       | SLOW | OLATCH1      |          |          |
| parked_2<28>                       | IOB              | OUTPUT    | LVCMOS25             |       | 12       | SLOW | OLATCH1      |          |          |
| parked_2<29>                       | IOB              | OUTPUT    | LVCMOS25             |       | 12       | SLOW | OLATCH1      |          |          |
| parked_2<30>                       | IOB              | OUTPUT    | LVCMOS25             |       | 12       | SLOW | OLATCH1      |          |          |
| parked_2<31>                       | IOB              | OUTPUT    | LVCMOS25             |       | 12       | SLOW | OLATCH1      |          |          |
| parked_3<0>                        | IOB              | OUTPUT    | LVCMOS25             |       | 12       | SLOW | OLATCH1      |          |          |
| parked_3<1>                        | IOB              | OUTPUT    | LVCMOS25             |       | 12       | SLOW | OLATCH1      |          |          |
| parked_3<2>                        | IOB              | OUTPUT    | LVCMOS25             |       | 12       | SLOW | OLATCH1      |          |          |
| parked_3<3>                        | IOB              | OUTPUT    | LVCMOS25             |       | 12       | SLOW | OLATCH1      |          |          |
| parked_3<4>                        | IOB              | OUTPUT    | LVCMOS25             |       | 12       | SLOW | OLATCH1      |          |          |
| parked_3<5>                        | IOB              | OUTPUT    | LVCMOS25             |       | 12       | SLOW | OLATCH1      |          |          |
| parked_3<6>                        | IOB              | OUTPUT    | LVCMOS25             |       | 12       | SLOW | OLATCH1      |          |          |
| parked_3<7>                        | IOB              | OUTPUT    | LVCMOS25             |       | 12       | SLOW | OLATCH1      |          |          |
| parked_3<8>                        | IOB              | OUTPUT    | LVCMOS25             |       | 12       | SLOW | OLATCH1      |          |          |
| parked_3<9>                        | IOB              | OUTPUT    | LVCMOS25             |       | 12       | SLOW | OLATCH1      |          |          |
| parked_3<10>                       | IOB              | OUTPUT    | LVCMOS25             |       | 12       | SLOW | OLATCH1      |          |          |
| parked_3<11>                       | IOB              | OUTPUT    | LVCMOS25             |       | 12       | SLOW | OLATCH1      |          |          |
| parked_3<12>                       | IOB              | OUTPUT    | LVCMOS25             |       | 12       | SLOW | OLATCH1      |          |          |
| parked_3<13>                       | IOB              | OUTPUT    | LVCMOS25             |       | 12       | SLOW | OLATCH1      |          |          |
| parked_3<14>                       | IOB              | OUTPUT    | LVCMOS25             |       | 12       | SLOW | OLATCH1      |          |          |
| parked_3<15>                       | IOB              | OUTPUT    | LVCMOS25             |       | 12       | SLOW | OLATCH1      |          |          |
| parked_3<16>                       | IOB              | OUTPUT    | LVCMOS25             |       | 12       | SLOW | OLATCH1      |          |          |
| parked_3<17>                       | IOB              | OUTPUT    | LVCMOS25             |       | 12       | SLOW | OLATCH1      |          |          |
| parked_3<18>                       | IOB              | OUTPUT    | LVCMOS25             |       | 12       | SLOW | OLATCH1      |          |          |
| parked_3<19>                       | IOB              | OUTPUT    | LVCMOS25             |       | 12       | SLOW | OLATCH1      |          |          |
| parked_3<20>                       | IOB              | OUTPUT    | LVCMOS25             |       | 12       | SLOW | OLATCH1      |          |          |
| parked_3<21>                       | IOB              | OUTPUT    | LVCMOS25             |       | 12       | SLOW | OLATCH1      |          |          |
| parked_3<22>                       | IOB              | OUTPUT    | LVCMOS25             |       | 12       | SLOW | OLATCH1      |          |          |
| parked_3<23>                       | IOB              | OUTPUT    | LVCMOS25             |       | 12       | SLOW | OLATCH1      |          |          |
| parked_3<24>                       | IOB              | OUTPUT    | LVCMOS25             |       | 12       | SLOW | OLATCH1      |          |          |
| parked_3<25>                       | IOB              | OUTPUT    | LVCMOS25             |       | 12       | SLOW | OLATCH1      |          |          |
| parked_3<26>                       | IOB              | OUTPUT    | LVCMOS25             |       | 12       | SLOW | OLATCH1      |          |          |
| parked_3<27>                       | IOB              | OUTPUT    | LVCMOS25             |       | 12       | SLOW | OLATCH1      |          |          |
| parked_3<28>                       | IOB              | OUTPUT    | LVCMOS25             |       | 12       | SLOW | OLATCH1      |          |          |
| parked_3<29>                       | IOB              | OUTPUT    | LVCMOS25             |       | 12       | SLOW | OLATCH1      |          |          |
| parked_3<30>                       | IOB              | OUTPUT    | LVCMOS25             |       | 12       | SLOW | OLATCH1      |          |          |
| parked_3<31>                       | IOB              | OUTPUT    | LVCMOS25             |       | 12       | SLOW | OLATCH1      |          |          |
| parked_4<0>                        | IOB              | OUTPUT    | LVCMOS25             |       | 12       | SLOW | OLATCH1      |          |          |
| parked_4<1>                        | IOB              | OUTPUT    | LVCMOS25             |       | 12       | SLOW | OLATCH1      |          |          |
| parked_4<2>                        | IOB              | OUTPUT    | LVCMOS25             |       | 12       | SLOW | OLATCH1      |          |          |
| parked_4<3>                        | IOB              | OUTPUT    | LVCMOS25             |       | 12       | SLOW | OLATCH1      |          |          |
| parked_4<4>                        | IOB              | OUTPUT    | LVCMOS25             |       | 12       | SLOW | OLATCH1      |          |          |
| parked_4<5>                        | IOB              | OUTPUT    | LVCMOS25             |       | 12       | SLOW | OLATCH1      |          |          |
| parked_4<6>                        | IOB              | OUTPUT    | LVCMOS25             |       | 12       | SLOW | OLATCH1      |          |          |
| parked_4<7>                        | IOB              | OUTPUT    | LVCMOS25             |       | 12       | SLOW | OLATCH1      |          |          |
| parked_4<8>                        | IOB              | OUTPUT    | LVCMOS25             |       | 12       | SLOW | OLATCH1      |          |          |
| parked_4<9>                        | IOB              | OUTPUT    | LVCMOS25             |       | 12       | SLOW | OLATCH1      |          |          |
| parked_4<10>                       | IOB              | OUTPUT    | LVCMOS25             |       | 12       | SLOW | OLATCH1      |          |          |
| parked_4<11>                       | IOB              | OUTPUT    | LVCMOS25             |       | 12       | SLOW | OLATCH1      |          |          |
| parked_4<12>                       | IOB              | OUTPUT    | LVCMOS25             |       | 12       | SLOW | OLATCH1      |          |          |
| parked_4<13>                       | IOB              | OUTPUT    | LVCMOS25             |       | 12       | SLOW | OLATCH1      |          |          |
| parked_4<14>                       | IOB              | OUTPUT    | LVCMOS25             |       | 12       | SLOW | OLATCH1      |          |          |
| parked_4<15>                       | IOB              | OUTPUT    | LVCMOS25             |       | 12       | SLOW | OLATCH1      |          |          |
| parked_4<16>                       | IOB              | OUTPUT    | LVCMOS25             |       | 12       | SLOW | OLATCH1      |          |          |
| parked_4<17>                       | IOB              | OUTPUT    | LVCMOS25             |       | 12       | SLOW | OLATCH1      |          |          |
| parked_4<18>                       | IOB              | OUTPUT    | LVCMOS25             |       | 12       | SLOW | OLATCH1      |          |          |
| parked_4<19>                       | IOB              | OUTPUT    | LVCMOS25             |       | 12       | SLOW | OLATCH1      |          |          |
| parked_4<20>                       | IOB              | OUTPUT    | LVCMOS25             |       | 12       | SLOW | OLATCH1      |          |          |
| parked_4<21>                       | IOB              | OUTPUT    | LVCMOS25             |       | 12       | SLOW | OLATCH1      |          |          |
| parked_4<22>                       | IOB              | OUTPUT    | LVCMOS25             |       | 12       | SLOW | OLATCH1      |          |          |
| parked_4<23>                       | IOB              | OUTPUT    | LVCMOS25             |       | 12       | SLOW | OLATCH1      |          |          |
| parked_4<24>                       | IOB              | OUTPUT    | LVCMOS25             |       | 12       | SLOW | OLATCH1      |          |          |
| parked_4<25>                       | IOB              | OUTPUT    | LVCMOS25             |       | 12       | SLOW | OLATCH1      |          |          |
| parked_4<26>                       | IOB              | OUTPUT    | LVCMOS25             |       | 12       | SLOW | OLATCH1      |          |          |
| parked_4<27>                       | IOB              | OUTPUT    | LVCMOS25             |       | 12       | SLOW | OLATCH1      |          |          |
| parked_4<28>                       | IOB              | OUTPUT    | LVCMOS25             |       | 12       | SLOW | OLATCH1      |          |          |
| parked_4<29>                       | IOB              | OUTPUT    | LVCMOS25             |       | 12       | SLOW | OLATCH1      |          |          |
| parked_4<30>                       | IOB              | OUTPUT    | LVCMOS25             |       | 12       | SLOW | OLATCH1      |          |          |
| parked_4<31>                       | IOB              | OUTPUT    | LVCMOS25             |       | 12       | SLOW | OLATCH1      |          |          |
| parked_5<0>                        | IOB              | OUTPUT    | LVCMOS25             |       | 12       | SLOW | OLATCH1      |          |          |
| parked_5<1>                        | IOB              | OUTPUT    | LVCMOS25             |       | 12       | SLOW | OLATCH1      |          |          |
| parked_5<2>                        | IOB              | OUTPUT    | LVCMOS25             |       | 12       | SLOW | OLATCH1      |          |          |
| parked_5<3>                        | IOB              | OUTPUT    | LVCMOS25             |       | 12       | SLOW | OLATCH1      |          |          |
| parked_5<4>                        | IOB              | OUTPUT    | LVCMOS25             |       | 12       | SLOW | OLATCH1      |          |          |
| parked_5<5>                        | IOB              | OUTPUT    | LVCMOS25             |       | 12       | SLOW | OLATCH1      |          |          |
| parked_5<6>                        | IOB              | OUTPUT    | LVCMOS25             |       | 12       | SLOW | OLATCH1      |          |          |
| parked_5<7>                        | IOB              | OUTPUT    | LVCMOS25             |       | 12       | SLOW | OLATCH1      |          |          |
| parked_5<8>                        | IOB              | OUTPUT    | LVCMOS25             |       | 12       | SLOW | OLATCH1      |          |          |
| parked_5<9>                        | IOB              | OUTPUT    | LVCMOS25             |       | 12       | SLOW | OLATCH1      |          |          |
| parked_5<10>                       | IOB              | OUTPUT    | LVCMOS25             |       | 12       | SLOW | OLATCH1      |          |          |
| parked_5<11>                       | IOB              | OUTPUT    | LVCMOS25             |       | 12       | SLOW | OLATCH1      |          |          |
| parked_5<12>                       | IOB              | OUTPUT    | LVCMOS25             |       | 12       | SLOW | OLATCH1      |          |          |
| parked_5<13>                       | IOB              | OUTPUT    | LVCMOS25             |       | 12       | SLOW | OLATCH1      |          |          |
| parked_5<14>                       | IOB              | OUTPUT    | LVCMOS25             |       | 12       | SLOW | OLATCH1      |          |          |
| parked_5<15>                       | IOB              | OUTPUT    | LVCMOS25             |       | 12       | SLOW | OLATCH1      |          |          |
| parked_5<16>                       | IOB              | OUTPUT    | LVCMOS25             |       | 12       | SLOW | OLATCH1      |          |          |
| parked_5<17>                       | IOB              | OUTPUT    | LVCMOS25             |       | 12       | SLOW | OLATCH1      |          |          |
| parked_5<18>                       | IOB              | OUTPUT    | LVCMOS25             |       | 12       | SLOW | OLATCH1      |          |          |
| parked_5<19>                       | IOB              | OUTPUT    | LVCMOS25             |       | 12       | SLOW | OLATCH1      |          |          |
| parked_5<20>                       | IOB              | OUTPUT    | LVCMOS25             |       | 12       | SLOW | OLATCH1      |          |          |
| parked_5<21>                       | IOB              | OUTPUT    | LVCMOS25             |       | 12       | SLOW | OLATCH1      |          |          |
| parked_5<22>                       | IOB              | OUTPUT    | LVCMOS25             |       | 12       | SLOW | OLATCH1      |          |          |
| parked_5<23>                       | IOB              | OUTPUT    | LVCMOS25             |       | 12       | SLOW | OLATCH1      |          |          |
| parked_5<24>                       | IOB              | OUTPUT    | LVCMOS25             |       | 12       | SLOW | OLATCH1      |          |          |
| parked_5<25>                       | IOB              | OUTPUT    | LVCMOS25             |       | 12       | SLOW | OLATCH1      |          |          |
| parked_5<26>                       | IOB              | OUTPUT    | LVCMOS25             |       | 12       | SLOW | OLATCH1      |          |          |
| parked_5<27>                       | IOB              | OUTPUT    | LVCMOS25             |       | 12       | SLOW | OLATCH1      |          |          |
| parked_5<28>                       | IOB              | OUTPUT    | LVCMOS25             |       | 12       | SLOW | OLATCH1      |          |          |
| parked_5<29>                       | IOB              | OUTPUT    | LVCMOS25             |       | 12       | SLOW | OLATCH1      |          |          |
| parked_5<30>                       | IOB              | OUTPUT    | LVCMOS25             |       | 12       | SLOW | OLATCH1      |          |          |
| parked_5<31>                       | IOB              | OUTPUT    | LVCMOS25             |       | 12       | SLOW | OLATCH1      |          |          |
| parked_6<0>                        | IOB              | OUTPUT    | LVCMOS25             |       | 12       | SLOW | OLATCH1      |          |          |
| parked_6<1>                        | IOB              | OUTPUT    | LVCMOS25             |       | 12       | SLOW | OLATCH1      |          |          |
| parked_6<2>                        | IOB              | OUTPUT    | LVCMOS25             |       | 12       | SLOW | OLATCH1      |          |          |
| parked_6<3>                        | IOB              | OUTPUT    | LVCMOS25             |       | 12       | SLOW | OLATCH1      |          |          |
| parked_6<4>                        | IOB              | OUTPUT    | LVCMOS25             |       | 12       | SLOW | OLATCH1      |          |          |
| parked_6<5>                        | IOB              | OUTPUT    | LVCMOS25             |       | 12       | SLOW | OLATCH1      |          |          |
| parked_6<6>                        | IOB              | OUTPUT    | LVCMOS25             |       | 12       | SLOW | OLATCH1      |          |          |
| parked_6<7>                        | IOB              | OUTPUT    | LVCMOS25             |       | 12       | SLOW | OLATCH1      |          |          |
| parked_6<8>                        | IOB              | OUTPUT    | LVCMOS25             |       | 12       | SLOW | OLATCH1      |          |          |
| parked_6<9>                        | IOB              | OUTPUT    | LVCMOS25             |       | 12       | SLOW | OLATCH1      |          |          |
| parked_6<10>                       | IOB              | OUTPUT    | LVCMOS25             |       | 12       | SLOW | OLATCH1      |          |          |
| parked_6<11>                       | IOB              | OUTPUT    | LVCMOS25             |       | 12       | SLOW | OLATCH1      |          |          |
| parked_6<12>                       | IOB              | OUTPUT    | LVCMOS25             |       | 12       | SLOW | OLATCH1      |          |          |
| parked_6<13>                       | IOB              | OUTPUT    | LVCMOS25             |       | 12       | SLOW | OLATCH1      |          |          |
| parked_6<14>                       | IOB              | OUTPUT    | LVCMOS25             |       | 12       | SLOW | OLATCH1      |          |          |
| parked_6<15>                       | IOB              | OUTPUT    | LVCMOS25             |       | 12       | SLOW | OLATCH1      |          |          |
| parked_6<16>                       | IOB              | OUTPUT    | LVCMOS25             |       | 12       | SLOW | OLATCH1      |          |          |
| parked_6<17>                       | IOB              | OUTPUT    | LVCMOS25             |       | 12       | SLOW | OLATCH1      |          |          |
| parked_6<18>                       | IOB              | OUTPUT    | LVCMOS25             |       | 12       | SLOW | OLATCH1      |          |          |
| parked_6<19>                       | IOB              | OUTPUT    | LVCMOS25             |       | 12       | SLOW | OLATCH1      |          |          |
| parked_6<20>                       | IOB              | OUTPUT    | LVCMOS25             |       | 12       | SLOW | OLATCH1      |          |          |
| parked_6<21>                       | IOB              | OUTPUT    | LVCMOS25             |       | 12       | SLOW | OLATCH1      |          |          |
| parked_6<22>                       | IOB              | OUTPUT    | LVCMOS25             |       | 12       | SLOW | OLATCH1      |          |          |
| parked_6<23>                       | IOB              | OUTPUT    | LVCMOS25             |       | 12       | SLOW | OLATCH1      |          |          |
| parked_6<24>                       | IOB              | OUTPUT    | LVCMOS25             |       | 12       | SLOW | OLATCH1      |          |          |
| parked_6<25>                       | IOB              | OUTPUT    | LVCMOS25             |       | 12       | SLOW | OLATCH1      |          |          |
| parked_6<26>                       | IOB              | OUTPUT    | LVCMOS25             |       | 12       | SLOW | OLATCH1      |          |          |
| parked_6<27>                       | IOB              | OUTPUT    | LVCMOS25             |       | 12       | SLOW | OLATCH1      |          |          |
| parked_6<28>                       | IOB              | OUTPUT    | LVCMOS25             |       | 12       | SLOW | OLATCH1      |          |          |
| parked_6<29>                       | IOB              | OUTPUT    | LVCMOS25             |       | 12       | SLOW | OLATCH1      |          |          |
| parked_6<30>                       | IOB              | OUTPUT    | LVCMOS25             |       | 12       | SLOW | OLATCH1      |          |          |
| parked_6<31>                       | IOB              | OUTPUT    | LVCMOS25             |       | 12       | SLOW | OLATCH1      |          |          |
| parked_7<0>                        | IOB              | OUTPUT    | LVCMOS25             |       | 12       | SLOW | OLATCH1      |          |          |
| parked_7<1>                        | IOB              | OUTPUT    | LVCMOS25             |       | 12       | SLOW | OLATCH1      |          |          |
| parked_7<2>                        | IOB              | OUTPUT    | LVCMOS25             |       | 12       | SLOW | OLATCH1      |          |          |
| parked_7<3>                        | IOB              | OUTPUT    | LVCMOS25             |       | 12       | SLOW | OLATCH1      |          |          |
| parked_7<4>                        | IOB              | OUTPUT    | LVCMOS25             |       | 12       | SLOW | OLATCH1      |          |          |
| parked_7<5>                        | IOB              | OUTPUT    | LVCMOS25             |       | 12       | SLOW | OLATCH1      |          |          |
| parked_7<6>                        | IOB              | OUTPUT    | LVCMOS25             |       | 12       | SLOW | OLATCH1      |          |          |
| parked_7<7>                        | IOB              | OUTPUT    | LVCMOS25             |       | 12       | SLOW | OLATCH1      |          |          |
| parked_7<8>                        | IOB              | OUTPUT    | LVCMOS25             |       | 12       | SLOW | OLATCH1      |          |          |
| parked_7<9>                        | IOB              | OUTPUT    | LVCMOS25             |       | 12       | SLOW | OLATCH1      |          |          |
| parked_7<10>                       | IOB              | OUTPUT    | LVCMOS25             |       | 12       | SLOW | OLATCH1      |          |          |
| parked_7<11>                       | IOB              | OUTPUT    | LVCMOS25             |       | 12       | SLOW | OLATCH1      |          |          |
| parked_7<12>                       | IOB              | OUTPUT    | LVCMOS25             |       | 12       | SLOW | OLATCH1      |          |          |
| parked_7<13>                       | IOB              | OUTPUT    | LVCMOS25             |       | 12       | SLOW | OLATCH1      |          |          |
| parked_7<14>                       | IOB              | OUTPUT    | LVCMOS25             |       | 12       | SLOW | OLATCH1      |          |          |
| parked_7<15>                       | IOB              | OUTPUT    | LVCMOS25             |       | 12       | SLOW | OLATCH1      |          |          |
| parked_7<16>                       | IOB              | OUTPUT    | LVCMOS25             |       | 12       | SLOW | OLATCH1      |          |          |
| parked_7<17>                       | IOB              | OUTPUT    | LVCMOS25             |       | 12       | SLOW | OLATCH1      |          |          |
| parked_7<18>                       | IOB              | OUTPUT    | LVCMOS25             |       | 12       | SLOW | OLATCH1      |          |          |
| parked_7<19>                       | IOB              | OUTPUT    | LVCMOS25             |       | 12       | SLOW | OLATCH1      |          |          |
| parked_7<20>                       | IOB              | OUTPUT    | LVCMOS25             |       | 12       | SLOW | OLATCH1      |          |          |
| parked_7<21>                       | IOB              | OUTPUT    | LVCMOS25             |       | 12       | SLOW | OLATCH1      |          |          |
| parked_7<22>                       | IOB              | OUTPUT    | LVCMOS25             |       | 12       | SLOW | OLATCH1      |          |          |
| parked_7<23>                       | IOB              | OUTPUT    | LVCMOS25             |       | 12       | SLOW | OLATCH1      |          |          |
| parked_7<24>                       | IOB              | OUTPUT    | LVCMOS25             |       | 12       | SLOW | OLATCH1      |          |          |
| parked_7<25>                       | IOB              | OUTPUT    | LVCMOS25             |       | 12       | SLOW | OLATCH1      |          |          |
| parked_7<26>                       | IOB              | OUTPUT    | LVCMOS25             |       | 12       | SLOW | OLATCH1      |          |          |
| parked_7<27>                       | IOB              | OUTPUT    | LVCMOS25             |       | 12       | SLOW | OLATCH1      |          |          |
| parked_7<28>                       | IOB              | OUTPUT    | LVCMOS25             |       | 12       | SLOW | OLATCH1      |          |          |
| parked_7<29>                       | IOB              | OUTPUT    | LVCMOS25             |       | 12       | SLOW | OLATCH1      |          |          |
| parked_7<30>                       | IOB              | OUTPUT    | LVCMOS25             |       | 12       | SLOW | OLATCH1      |          |          |
| parked_7<31>                       | IOB              | OUTPUT    | LVCMOS25             |       | 12       | SLOW | OLATCH1      |          |          |
| plate_type                         | IOB              | OUTPUT    | LVCMOS25             |       | 12       | SLOW |              |          |          |
| reset                              | IOB              | INPUT     | LVCMOS25             |       |          |      |              |          |          |
| target_floor<0>                    | IOB              | OUTPUT    | LVCMOS25             |       | 12       | SLOW |              |          |          |
| target_floor<1>                    | IOB              | OUTPUT    | LVCMOS25             |       | 12       | SLOW |              |          |          |
| target_floor<2>                    | IOB              | OUTPUT    | LVCMOS25             |       | 12       | SLOW |              |          |          |
| target_place                       | IOB              | OUTPUT    | LVCMOS25             |       | 12       | SLOW | OLATCH1      |          |          |
+---------------------------------------------------------------------------------------------------------------------------------------------------------+

Section 7 - RPMs
----------------

Section 8 - Guide Report
------------------------
Guide not run on this design.

Section 9 - Area Group and Partition Summary
--------------------------------------------

Partition Implementation Status
-------------------------------

  No Partitions were found in this design.

-------------------------------

Area Group Information
----------------------

  No area groups were found in this design.

----------------------

Section 10 - Timing Report
--------------------------
This design was not run using timing mode.

Section 11 - Configuration String Details
-----------------------------------------
Use the "-detail" map option to print out Configuration Strings

Section 12 - Control Set Information
------------------------------------
No control set information for this architecture.

Section 13 - Utilization by Hierarchy
-------------------------------------
Use the "-detail" map option to print out the Utilization by Hierarchy section.
