Command line:
   parking_lot_top_tb_isim_beh.exe
     -simmode  gui
     -simrunnum  0
     -socket  47927

Mon Dec 18 02:06:44 2023


 Elaboration Time: 0.02 sec

 Current Memory Usage: 185.59 Meg

 Total Signals          : 173
 Total Nets             : 1375
 Total Signal Drivers   : 104
 Total Blocks           : 25
 Total Primitive Blocks : 23
 Total Processes        : 133
 Total Traceable Variables  : 142
 Total Scalar Nets and Variables : 2936
Total Line Count : 852

 Total Simulation Time: 0.04 sec

 Current Memory Usage: 261.091 Meg

Mon Dec 18 02:06:52 2023

