Command line:
   parking_fee_calculator_isim_beh.exe
     -simmode  gui
     -simrunnum  1
     -socket  44503

Mon Dec 18 23:17:03 2023


 Elaboration Time: 0.03 sec

 Current Memory Usage: 183.976 Meg

 Total Signals          : 17
 Total Nets             : 40
 Total Signal Drivers   : 6
 Total Blocks           : 2
 Total Primitive Blocks : 2
 Total Processes        : 8
 Total Traceable Variables  : 20
 Total Scalar Nets and Variables : 160
Total Line Count : 26

 Total Simulation Time: 0.03 sec

 Current Memory Usage: 259.478 Meg

Mon Dec 18 23:17:06 2023

